40.0 APEX_CODE,FINEST;APEX_PROFILING,INFO;CALLOUT,INFO;DB,INFO;SYSTEM,DEBUG;VALIDATION,INFO;VISUALFORCE,INFO;WAVE,INFO;WORKFLOW,INFO
13:59:33.0 (363181)|EXECUTION_STARTED
13:59:33.0 (395621)|CODE_UNIT_STARTED|[EXTERNAL]|VisualForce View State
13:59:33.0 (10943749)|CODE_UNIT_FINISHED|VisualForce View State
13:59:33.0 (12363885)|EXECUTION_FINISHED
13:59:33.465 (465042679)|VF_PAGE_MESSAGE|Compile Error: Method does not exist or incorrect signature: tempintValue() at line 117 column 32
13:59:33.465 (631943150)|VF_SERIALIZE_VIEWSTATE_BEGIN|
13:59:33.465 (641422101)|VF_SERIALIZE_VIEWSTATE_END
13:59:33.660 (660405783)|CUMULATIVE_LIMIT_USAGE
13:59:33.660 (660405783)|LIMIT_USAGE_FOR_NS|(default)|
  Number of SOQL queries: 0 out of 100
  Number of query rows: 0 out of 50000
  Number of SOSL queries: 0 out of 20
  Number of DML statements: 0 out of 150
  Number of DML rows: 0 out of 10000
  Maximum CPU time: 0 out of 10000
  Maximum heap size: 0 out of 6000000
  Number of callouts: 0 out of 100
  Number of Email Invocations: 0 out of 10
  Number of future calls: 0 out of 50
  Number of queueable jobs added to the queue: 0 out of 50
  Number of Mobile Apex push calls: 0 out of 10

13:59:33.660 (660405783)|CUMULATIVE_LIMIT_USAGE_END

