40.0 APEX_CODE,FINEST;APEX_PROFILING,INFO;CALLOUT,INFO;DB,INFO;SYSTEM,DEBUG;VALIDATION,INFO;VISUALFORCE,INFO;WAVE,INFO;WORKFLOW,INFO
13:48:16.0 (356289)|EXECUTION_STARTED
13:48:16.0 (383881)|CODE_UNIT_STARTED|[EXTERNAL]|VisualForce View State
13:48:16.0 (11709020)|CODE_UNIT_FINISHED|VisualForce View State
13:48:16.0 (13311810)|EXECUTION_FINISHED
13:48:16.450 (450074911)|VF_PAGE_MESSAGE|Compile Error: unexpected token: 'List' at line 105 column 4
13:48:16.450 (630655877)|VF_SERIALIZE_VIEWSTATE_BEGIN|
13:48:16.450 (638877422)|VF_SERIALIZE_VIEWSTATE_END
13:48:16.656 (656329368)|CUMULATIVE_LIMIT_USAGE
13:48:16.656 (656329368)|LIMIT_USAGE_FOR_NS|(default)|
  Number of SOQL queries: 0 out of 100
  Number of query rows: 0 out of 50000
  Number of SOSL queries: 0 out of 20
  Number of DML statements: 0 out of 150
  Number of DML rows: 0 out of 10000
  Maximum CPU time: 0 out of 10000
  Maximum heap size: 0 out of 6000000
  Number of callouts: 0 out of 100
  Number of Email Invocations: 0 out of 10
  Number of future calls: 0 out of 50
  Number of queueable jobs added to the queue: 0 out of 50
  Number of Mobile Apex push calls: 0 out of 10

13:48:16.656 (656329368)|CUMULATIVE_LIMIT_USAGE_END

