40.0 APEX_CODE,FINEST;APEX_PROFILING,INFO;CALLOUT,INFO;DB,INFO;SYSTEM,DEBUG;VALIDATION,INFO;VISUALFORCE,INFO;WAVE,INFO;WORKFLOW,INFO
13:49:04.0 (282554)|EXECUTION_STARTED
13:49:04.0 (302041)|CODE_UNIT_STARTED|[EXTERNAL]|VisualForce View State
13:49:04.0 (10250641)|CODE_UNIT_FINISHED|VisualForce View State
13:49:04.0 (11548347)|EXECUTION_FINISHED
13:49:04.423 (423990436)|VF_PAGE_MESSAGE|Compile Error: Variable does not exist: Test_User_or_UAT__r at line 109 column 44
13:49:04.423 (572771055)|VF_SERIALIZE_VIEWSTATE_BEGIN|
13:49:04.423 (581041913)|VF_SERIALIZE_VIEWSTATE_END
13:49:04.601 (601852163)|CUMULATIVE_LIMIT_USAGE
13:49:04.601 (601852163)|LIMIT_USAGE_FOR_NS|(default)|
  Number of SOQL queries: 0 out of 100
  Number of query rows: 0 out of 50000
  Number of SOSL queries: 0 out of 20
  Number of DML statements: 0 out of 150
  Number of DML rows: 0 out of 10000
  Maximum CPU time: 0 out of 10000
  Maximum heap size: 0 out of 6000000
  Number of callouts: 0 out of 100
  Number of Email Invocations: 0 out of 10
  Number of future calls: 0 out of 50
  Number of queueable jobs added to the queue: 0 out of 50
  Number of Mobile Apex push calls: 0 out of 10

13:49:04.601 (601852163)|CUMULATIVE_LIMIT_USAGE_END

