29.0 APEX_CODE,FINEST;APEX_PROFILING,INFO;CALLOUT,INFO;DB,INFO;SYSTEM,DEBUG;VALIDATION,INFO;VISUALFORCE,INFO;WAVE,INFO;WORKFLOW,INFO
14:01:32.0 (444580)|USER_INFO|[EXTERNAL]|005a000000AhPNu|pallavi.bhari@arris.com.uat|Eastern Standard Time|GMT-04:00
14:01:32.0 (483870)|EXECUTION_STARTED
14:01:32.0 (489085)|CODE_UNIT_STARTED|[EXTERNAL]|TRIGGERS
14:01:32.0 (523009)|CODE_UNIT_STARTED|[EXTERNAL]|01qa0000000630r|populateTestDocLineFields on Doc_Line trigger event BeforeUpdate for [a5Hn00000003fsq]
14:01:32.0 (580599)|HEAP_ALLOCATE|[EXTERNAL]|Bytes:8
14:01:32.0 (713452)|HEAP_ALLOCATE|[EXTERNAL]|Bytes:8
14:01:32.0 (1138210)|HEAP_ALLOCATE|[72]|Bytes:3
14:01:32.0 (1188480)|HEAP_ALLOCATE|[77]|Bytes:152
14:01:32.0 (1205311)|HEAP_ALLOCATE|[342]|Bytes:408
14:01:32.0 (1221072)|HEAP_ALLOCATE|[355]|Bytes:408
14:01:32.0 (1234505)|HEAP_ALLOCATE|[467]|Bytes:48
14:01:32.0 (1266598)|HEAP_ALLOCATE|[139]|Bytes:6
14:01:32.0 (1548124)|HEAP_ALLOCATE|[EXTERNAL]|Bytes:44
14:01:32.0 (1560310)|VARIABLE_SCOPE_BEGIN|[10]|this|populateTestDocLineFields|true|false
14:01:32.0 (1656740)|VARIABLE_ASSIGNMENT|[10]|this|{}|0x7a077853
14:01:32.0 (1700125)|HEAP_ALLOCATE|[EXTERNAL]|Bytes:44
14:01:32.0 (1706101)|VARIABLE_SCOPE_BEGIN|[10]|this|populateTestDocLineFields|true|false
14:01:32.0 (1717470)|VARIABLE_ASSIGNMENT|[10]|this|{}|0x7a077853
14:01:32.0 (1722844)|STATEMENT_EXECUTE|[10]
14:01:32.0 (1724964)|STATEMENT_EXECUTE|[11]
14:01:32.0 (1744804)|HEAP_ALLOCATE|[11]|Bytes:4
14:01:32.0 (1914079)|HEAP_ALLOCATE|[50]|Bytes:5
14:01:32.0 (1939678)|HEAP_ALLOCATE|[56]|Bytes:5
14:01:32.0 (1947429)|HEAP_ALLOCATE|[64]|Bytes:7
14:01:32.0 (2009190)|VARIABLE_ASSIGNMENT|[11]|this.changeControlIDs|[]|0x7a077853
14:01:32.0 (2014858)|STATEMENT_EXECUTE|[12]
14:01:32.0 (2027497)|HEAP_ALLOCATE|[12]|Bytes:4
14:01:32.0 (2070091)|VARIABLE_ASSIGNMENT|[12]|this.reqLineIDs|[]|0x7a077853
14:01:32.0 (2073168)|STATEMENT_EXECUTE|[13]
14:01:32.0 (2079980)|HEAP_ALLOCATE|[13]|Bytes:4
14:01:32.0 (2113660)|VARIABLE_ASSIGNMENT|[13]|this.wrkldId|[]|0x7a077853
14:01:32.0 (2117546)|STATEMENT_EXECUTE|[14]
14:01:32.0 (2127047)|HEAP_ALLOCATE|[14]|Bytes:65
14:01:32.0 (2136857)|HEAP_ALLOCATE|[14]|Bytes:4
14:01:32.0 (2383716)|SOQL_EXECUTE_BEGIN|[14]|Aggregations:0|SELECT Id, name FROM RecordType WHERE SobjectType = 'Doc_Line__c'
14:01:32.0 (60019613)|SOQL_EXECUTE_END|[14]|Rows:27
14:01:32.0 (60043692)|HEAP_ALLOCATE|[14]|Bytes:112
14:01:32.0 (60085330)|HEAP_ALLOCATE|[14]|Bytes:1522
14:01:32.0 (60121530)|HEAP_ALLOCATE|[14]|Bytes:112
14:01:32.0 (60178517)|VARIABLE_ASSIGNMENT|[14]|this.recordTypeset|"List of size 27 too large to display"|0x7a077853
14:01:32.0 (60185165)|STATEMENT_EXECUTE|[15]
14:01:32.0 (60196955)|HEAP_ALLOCATE|[15]|Bytes:4
14:01:32.0 (60221930)|VARIABLE_ASSIGNMENT|[15]|this.recordTypeMap|{}|0x7a077853
14:01:32.0 (60224819)|STATEMENT_EXECUTE|[16]
14:01:32.0 (60230210)|HEAP_ALLOCATE|[16]|Bytes:4
14:01:32.0 (60241221)|VARIABLE_ASSIGNMENT|[16]|this.docrecordTypeMap|{}|0x7a077853
14:01:32.0 (60494765)|HEAP_ALLOCATE|[18]|Bytes:5
14:01:32.0 (60534956)|HEAP_ALLOCATE|[18]|Bytes:12
14:01:32.0 (60545450)|VARIABLE_SCOPE_BEGIN|[18]|r|RecordType|true|false
14:01:32.0 (60562233)|VARIABLE_ASSIGNMENT|[18]|r|{"Id":"012a00000018FzhAAE","Name":"User Review"}|0x3acad56e
14:01:32.0 (60565901)|STATEMENT_EXECUTE|[18]
14:01:32.0 (60567466)|STATEMENT_EXECUTE|[19]
14:01:32.0 (60652883)|HEAP_ALLOCATE|[EXTERNAL]|Bytes:-4
14:01:32.0 (60660783)|STATEMENT_EXECUTE|[20]
14:01:32.0 (60696429)|HEAP_ALLOCATE|[EXTERNAL]|Bytes:-4
14:01:32.0 (60708159)|HEAP_ALLOCATE|[18]|Bytes:5
14:01:32.0 (60724044)|HEAP_ALLOCATE|[18]|Bytes:12
14:01:32.0 (60729353)|VARIABLE_SCOPE_BEGIN|[18]|r|RecordType|true|false
14:01:32.0 (60738768)|VARIABLE_ASSIGNMENT|[18]|r|{"Id":"012a0000001CGdPAAW","Name":"Requirements"}|0x4f446e71
14:01:32.0 (60741871)|STATEMENT_EXECUTE|[18]
14:01:32.0 (60743182)|STATEMENT_EXECUTE|[19]
14:01:32.0 (60762040)|HEAP_ALLOCATE|[EXTERNAL]|Bytes:-4
14:01:32.0 (60766096)|STATEMENT_EXECUTE|[20]
14:01:32.0 (60776216)|HEAP_ALLOCATE|[EXTERNAL]|Bytes:-4
14:01:32.0 (60784730)|HEAP_ALLOCATE|[18]|Bytes:5
14:01:32.0 (60796893)|HEAP_ALLOCATE|[18]|Bytes:12
14:01:32.0 (60801276)|VARIABLE_SCOPE_BEGIN|[18]|r|RecordType|true|false
14:01:32.0 (60808240)|VARIABLE_ASSIGNMENT|[18]|r|{"Id":"012a0000001CGdQAAW","Name":"User Guide"}|0x8960c8a
14:01:32.0 (60810535)|STATEMENT_EXECUTE|[18]
14:01:32.0 (60811620)|STATEMENT_EXECUTE|[19]
14:01:32.0 (60826313)|HEAP_ALLOCATE|[EXTERNAL]|Bytes:-4
14:01:32.0 (60829908)|STATEMENT_EXECUTE|[20]
14:01:32.0 (60839731)|HEAP_ALLOCATE|[EXTERNAL]|Bytes:-4
14:01:32.0 (60847664)|HEAP_ALLOCATE|[18]|Bytes:5
14:01:32.0 (60859972)|HEAP_ALLOCATE|[18]|Bytes:12
14:01:32.0 (60863981)|VARIABLE_SCOPE_BEGIN|[18]|r|RecordType|true|false
14:01:32.0 (60872553)|VARIABLE_ASSIGNMENT|[18]|r|{"Id":"012a0000001CGdUAAW","Name":"IT Solutions Analysi (1 more) ..."}|0x5cf8d71e
14:01:32.0 (60874932)|STATEMENT_EXECUTE|[18]
14:01:32.0 (60876418)|STATEMENT_EXECUTE|[19]
14:01:32.0 (60890942)|HEAP_ALLOCATE|[EXTERNAL]|Bytes:-4
14:01:32.0 (60894380)|STATEMENT_EXECUTE|[20]
14:01:32.0 (60903494)|HEAP_ALLOCATE|[EXTERNAL]|Bytes:-4
14:01:32.0 (60916557)|HEAP_ALLOCATE|[18]|Bytes:5
14:01:32.0 (60932684)|HEAP_ALLOCATE|[18]|Bytes:12
14:01:32.0 (60937292)|VARIABLE_SCOPE_BEGIN|[18]|r|RecordType|true|false
14:01:32.0 (60944431)|VARIABLE_ASSIGNMENT|[18]|r|{"Id":"012a0000001Ft7fAAC","Name":"Release Notes"}|0x3075184a
14:01:32.0 (60946795)|STATEMENT_EXECUTE|[18]
14:01:32.0 (60947904)|STATEMENT_EXECUTE|[19]
14:01:32.0 (60968332)|HEAP_ALLOCATE|[EXTERNAL]|Bytes:-4
14:01:32.0 (60974894)|STATEMENT_EXECUTE|[20]
14:01:32.0 (60994509)|HEAP_ALLOCATE|[EXTERNAL]|Bytes:-4
14:01:32.0 (61007362)|HEAP_ALLOCATE|[18]|Bytes:5
14:01:32.0 (61022139)|HEAP_ALLOCATE|[18]|Bytes:12
14:01:32.0 (61026813)|VARIABLE_SCOPE_BEGIN|[18]|r|RecordType|true|false
14:01:32.0 (61034325)|VARIABLE_ASSIGNMENT|[18]|r|{"Id":"012a0000001FtHaAAK","Name":"Video"}|0x5c2edfd3
14:01:32.0 (61036966)|STATEMENT_EXECUTE|[18]
14:01:32.0 (61038191)|STATEMENT_EXECUTE|[19]
14:01:32.0 (61054503)|HEAP_ALLOCATE|[EXTERNAL]|Bytes:-4
14:01:32.0 (61060129)|STATEMENT_EXECUTE|[20]
14:01:32.0 (61077873)|HEAP_ALLOCATE|[EXTERNAL]|Bytes:-4
14:01:32.0 (61091168)|HEAP_ALLOCATE|[18]|Bytes:5
14:01:32.0 (61111610)|HEAP_ALLOCATE|[18]|Bytes:12
14:01:32.0 (61120093)|VARIABLE_SCOPE_BEGIN|[18]|r|RecordType|true|false
14:01:32.0 (61129913)|VARIABLE_ASSIGNMENT|[18]|r|{"Id":"012a0000001FtblAAC","Name":"Picture"}|0x64646a80
14:01:32.0 (61132503)|STATEMENT_EXECUTE|[18]
14:01:32.0 (61133615)|STATEMENT_EXECUTE|[19]
14:01:32.0 (61152066)|HEAP_ALLOCATE|[EXTERNAL]|Bytes:-4
14:01:32.0 (61155900)|STATEMENT_EXECUTE|[20]
14:01:32.0 (61165225)|HEAP_ALLOCATE|[EXTERNAL]|Bytes:-4
14:01:32.0 (61173580)|HEAP_ALLOCATE|[18]|Bytes:5
14:01:32.0 (61187957)|HEAP_ALLOCATE|[18]|Bytes:12
14:01:32.0 (61192377)|VARIABLE_SCOPE_BEGIN|[18]|r|RecordType|true|false
14:01:32.0 (61199533)|VARIABLE_ASSIGNMENT|[18]|r|{"Id":"012a0000001FtdmAAC","Name":"Test-User or UAT"}|0x7ebe0135
14:01:32.0 (61201651)|STATEMENT_EXECUTE|[18]
14:01:32.0 (61202752)|STATEMENT_EXECUTE|[19]
14:01:32.0 (61217506)|HEAP_ALLOCATE|[EXTERNAL]|Bytes:-4
14:01:32.0 (61221226)|STATEMENT_EXECUTE|[20]
14:01:32.0 (61230496)|HEAP_ALLOCATE|[EXTERNAL]|Bytes:-4
14:01:32.0 (61238277)|HEAP_ALLOCATE|[18]|Bytes:5
14:01:32.0 (61249377)|HEAP_ALLOCATE|[18]|Bytes:12
14:01:32.0 (61253132)|VARIABLE_SCOPE_BEGIN|[18]|r|RecordType|true|false
14:01:32.0 (61260256)|VARIABLE_ASSIGNMENT|[18]|r|{"Id":"012a0000001FtdrAAC","Name":"Architectural Diagra (1 more) ..."}|0x6611e1e0
14:01:32.0 (61262428)|STATEMENT_EXECUTE|[18]
14:01:32.0 (61263499)|STATEMENT_EXECUTE|[19]
14:01:32.0 (61277077)|HEAP_ALLOCATE|[EXTERNAL]|Bytes:-4
14:01:32.0 (61281028)|STATEMENT_EXECUTE|[20]
14:01:32.0 (61290201)|HEAP_ALLOCATE|[EXTERNAL]|Bytes:-4
14:01:32.0 (61297366)|HEAP_ALLOCATE|[18]|Bytes:5
14:01:32.0 (61308117)|HEAP_ALLOCATE|[18]|Bytes:12
14:01:32.0 (61311740)|VARIABLE_SCOPE_BEGIN|[18]|r|RecordType|true|false
14:01:32.0 (61318937)|VARIABLE_ASSIGNMENT|[18]|r|{"Id":"012a0000001FtdwAAC","Name":"GUI Mockup-Screen La (4 more) ..."}|0x4c6b6ab6
14:01:32.0 (61320990)|STATEMENT_EXECUTE|[18]
14:01:32.0 (61322057)|STATEMENT_EXECUTE|[19]
14:01:32.0 (61335545)|HEAP_ALLOCATE|[EXTERNAL]|Bytes:-4
14:01:32.0 (61340343)|STATEMENT_EXECUTE|[20]
14:01:32.0 (61356606)|HEAP_ALLOCATE|[EXTERNAL]|Bytes:-4
14:01:32.0 (61369751)|HEAP_ALLOCATE|[18]|Bytes:5
14:01:32.0 (61390059)|HEAP_ALLOCATE|[18]|Bytes:12
14:01:32.0 (61397859)|VARIABLE_SCOPE_BEGIN|[18]|r|RecordType|true|false
14:01:32.0 (61408811)|VARIABLE_ASSIGNMENT|[18]|r|{"Id":"012a0000001FujOAAS","Name":"Email Attachments"}|0xb1c39d1
14:01:32.0 (61411493)|STATEMENT_EXECUTE|[18]
14:01:32.0 (61412592)|STATEMENT_EXECUTE|[19]
14:01:32.0 (61435359)|HEAP_ALLOCATE|[EXTERNAL]|Bytes:-4
14:01:32.0 (61439705)|STATEMENT_EXECUTE|[20]
14:01:32.0 (61449900)|HEAP_ALLOCATE|[EXTERNAL]|Bytes:-4
14:01:32.0 (61458298)|HEAP_ALLOCATE|[18]|Bytes:5
14:01:32.0 (61470985)|HEAP_ALLOCATE|[18]|Bytes:12
14:01:32.0 (61475346)|VARIABLE_SCOPE_BEGIN|[18]|r|RecordType|true|false
14:01:32.0 (61481527)|VARIABLE_ASSIGNMENT|[18]|r|{"Id":"012a0000001RUUOAA4","Name":"Code-Setup Review"}|0x5a5262e
14:01:32.0 (61483585)|STATEMENT_EXECUTE|[18]
14:01:32.0 (61484675)|STATEMENT_EXECUTE|[19]
14:01:32.0 (61498675)|HEAP_ALLOCATE|[EXTERNAL]|Bytes:-4
14:01:32.0 (61502248)|STATEMENT_EXECUTE|[20]
14:01:32.0 (61511553)|HEAP_ALLOCATE|[EXTERNAL]|Bytes:-4
14:01:32.0 (61519019)|HEAP_ALLOCATE|[18]|Bytes:5
14:01:32.0 (61529797)|HEAP_ALLOCATE|[18]|Bytes:12
14:01:32.0 (61533731)|VARIABLE_SCOPE_BEGIN|[18]|r|RecordType|true|false
14:01:32.0 (61539831)|VARIABLE_ASSIGNMENT|[18]|r|{"Id":"012a0000001RUUPAA4","Name":"Communication Plan"}|0x6cd2d99b
14:01:32.0 (61541823)|STATEMENT_EXECUTE|[18]
14:01:32.0 (61542923)|STATEMENT_EXECUTE|[19]
14:01:32.0 (61556703)|HEAP_ALLOCATE|[EXTERNAL]|Bytes:-4
14:01:32.0 (61560278)|STATEMENT_EXECUTE|[20]
14:01:32.0 (61569836)|HEAP_ALLOCATE|[EXTERNAL]|Bytes:-4
14:01:32.0 (61577187)|HEAP_ALLOCATE|[18]|Bytes:5
14:01:32.0 (61588066)|HEAP_ALLOCATE|[18]|Bytes:12
14:01:32.0 (61591802)|VARIABLE_SCOPE_BEGIN|[18]|r|RecordType|true|false
14:01:32.0 (61597537)|VARIABLE_ASSIGNMENT|[18]|r|{"Id":"012a0000001RUUQAA4","Name":"Deployment Plan"}|0x7bfb306d
14:01:32.0 (61599543)|STATEMENT_EXECUTE|[18]
14:01:32.0 (61600644)|STATEMENT_EXECUTE|[19]
14:01:32.0 (61613909)|HEAP_ALLOCATE|[EXTERNAL]|Bytes:-4
14:01:32.0 (61617394)|STATEMENT_EXECUTE|[20]
14:01:32.0 (61626349)|HEAP_ALLOCATE|[EXTERNAL]|Bytes:-4
14:01:32.0 (61633817)|HEAP_ALLOCATE|[18]|Bytes:5
14:01:32.0 (61647568)|HEAP_ALLOCATE|[18]|Bytes:12
14:01:32.0 (61654545)|VARIABLE_SCOPE_BEGIN|[18]|r|RecordType|true|false
14:01:32.0 (61663883)|VARIABLE_ASSIGNMENT|[18]|r|{"Id":"012a0000001RUURAA4","Name":"ERD"}|0x11c35c72
14:01:32.0 (61667096)|STATEMENT_EXECUTE|[18]
14:01:32.0 (61668983)|STATEMENT_EXECUTE|[19]
14:01:32.0 (61691417)|HEAP_ALLOCATE|[EXTERNAL]|Bytes:-4
14:01:32.0 (61695638)|STATEMENT_EXECUTE|[20]
14:01:32.0 (61705303)|HEAP_ALLOCATE|[EXTERNAL]|Bytes:-4
14:01:32.0 (61713949)|HEAP_ALLOCATE|[18]|Bytes:5
14:01:32.0 (61726262)|HEAP_ALLOCATE|[18]|Bytes:12
14:01:32.0 (61730505)|VARIABLE_SCOPE_BEGIN|[18]|r|RecordType|true|false
14:01:32.0 (61740566)|VARIABLE_ASSIGNMENT|[18]|r|{"Id":"012a0000001RUUSAA4","Name":"Post Production Supp (8 more) ..."}|0x3d7b8c32
14:01:32.0 (61744415)|STATEMENT_EXECUTE|[18]
14:01:32.0 (61746082)|STATEMENT_EXECUTE|[19]
14:01:32.0 (61770652)|HEAP_ALLOCATE|[EXTERNAL]|Bytes:-4
14:01:32.0 (61777286)|STATEMENT_EXECUTE|[20]
14:01:32.0 (61796730)|HEAP_ALLOCATE|[EXTERNAL]|Bytes:-4
14:01:32.0 (61809390)|HEAP_ALLOCATE|[18]|Bytes:5
14:01:32.0 (61823366)|HEAP_ALLOCATE|[18]|Bytes:12
14:01:32.0 (61828127)|VARIABLE_SCOPE_BEGIN|[18]|r|RecordType|true|false
14:01:32.0 (61835262)|VARIABLE_ASSIGNMENT|[18]|r|{"Id":"012a0000001RUUTAA4","Name":"Process Flow Details"}|0x479f8407
14:01:32.0 (61837669)|STATEMENT_EXECUTE|[18]
14:01:32.0 (61838900)|STATEMENT_EXECUTE|[19]
14:01:32.0 (61854745)|HEAP_ALLOCATE|[EXTERNAL]|Bytes:-4
14:01:32.0 (61860350)|STATEMENT_EXECUTE|[20]
14:01:32.0 (61877832)|HEAP_ALLOCATE|[EXTERNAL]|Bytes:-4
14:01:32.0 (61891214)|HEAP_ALLOCATE|[18]|Bytes:5
14:01:32.0 (61910949)|HEAP_ALLOCATE|[18]|Bytes:12
14:01:32.0 (61918979)|VARIABLE_SCOPE_BEGIN|[18]|r|RecordType|true|false
14:01:32.0 (61927450)|VARIABLE_ASSIGNMENT|[18]|r|{"Id":"012a0000001RUUVAA4","Name":"SaaS Program Standar (1 more) ..."}|0x6545acc1
14:01:32.0 (61929949)|STATEMENT_EXECUTE|[18]
14:01:32.0 (61931022)|STATEMENT_EXECUTE|[19]
14:01:32.0 (61948033)|HEAP_ALLOCATE|[EXTERNAL]|Bytes:-4
14:01:32.0 (61951964)|STATEMENT_EXECUTE|[20]
14:01:32.0 (61961396)|HEAP_ALLOCATE|[EXTERNAL]|Bytes:-4
14:01:32.0 (61969099)|HEAP_ALLOCATE|[18]|Bytes:5
14:01:32.0 (61980392)|HEAP_ALLOCATE|[18]|Bytes:12
14:01:32.0 (61984096)|VARIABLE_SCOPE_BEGIN|[18]|r|RecordType|true|false
14:01:32.0 (61989999)|VARIABLE_ASSIGNMENT|[18]|r|{"Id":"012a0000001RUUWAA4","Name":"Security Plan"}|0x6eee5cd7
14:01:32.0 (61992050)|STATEMENT_EXECUTE|[18]
14:01:32.0 (61993128)|STATEMENT_EXECUTE|[19]
14:01:32.0 (62006731)|HEAP_ALLOCATE|[EXTERNAL]|Bytes:-4
14:01:32.0 (62011353)|STATEMENT_EXECUTE|[20]
14:01:32.0 (62020450)|HEAP_ALLOCATE|[EXTERNAL]|Bytes:-4
14:01:32.0 (62027938)|HEAP_ALLOCATE|[18]|Bytes:5
14:01:32.0 (62038340)|HEAP_ALLOCATE|[18]|Bytes:12
14:01:32.0 (62042075)|VARIABLE_SCOPE_BEGIN|[18]|r|RecordType|true|false
14:01:32.0 (62048735)|VARIABLE_ASSIGNMENT|[18]|r|{"Id":"012a0000001RUUXAA4","Name":"Technical Specificat (3 more) ..."}|0xf955724
14:01:32.0 (62051139)|STATEMENT_EXECUTE|[18]
14:01:32.0 (62052197)|STATEMENT_EXECUTE|[19]
14:01:32.0 (62065495)|HEAP_ALLOCATE|[EXTERNAL]|Bytes:-4
14:01:32.0 (62069376)|STATEMENT_EXECUTE|[20]
14:01:32.0 (62078222)|HEAP_ALLOCATE|[EXTERNAL]|Bytes:-4
14:01:32.0 (62085378)|HEAP_ALLOCATE|[18]|Bytes:5
14:01:32.0 (62095757)|HEAP_ALLOCATE|[18]|Bytes:12
14:01:32.0 (62099236)|VARIABLE_SCOPE_BEGIN|[18]|r|RecordType|true|false
14:01:32.0 (62105102)|VARIABLE_ASSIGNMENT|[18]|r|{"Id":"012a0000001RUUYAA4","Name":"Technical User Guide"}|0x3491556d
14:01:32.0 (62107065)|STATEMENT_EXECUTE|[18]
14:01:32.0 (62108128)|STATEMENT_EXECUTE|[19]
14:01:32.0 (62121580)|HEAP_ALLOCATE|[EXTERNAL]|Bytes:-4
14:01:32.0 (62125425)|STATEMENT_EXECUTE|[20]
14:01:32.0 (62134319)|HEAP_ALLOCATE|[EXTERNAL]|Bytes:-4
14:01:32.0 (62141366)|HEAP_ALLOCATE|[18]|Bytes:5
14:01:32.0 (62151586)|HEAP_ALLOCATE|[18]|Bytes:12
14:01:32.0 (62155094)|VARIABLE_SCOPE_BEGIN|[18]|r|RecordType|true|false
14:01:32.0 (62160569)|VARIABLE_ASSIGNMENT|[18]|r|{"Id":"012a0000001RUUZAA4","Name":"Test-Unit Test"}|0x7c7ac49a
14:01:32.0 (62162510)|STATEMENT_EXECUTE|[18]
14:01:32.0 (62163582)|STATEMENT_EXECUTE|[19]
14:01:32.0 (62176823)|HEAP_ALLOCATE|[EXTERNAL]|Bytes:-4
14:01:32.0 (62180459)|STATEMENT_EXECUTE|[20]
14:01:32.0 (62192121)|HEAP_ALLOCATE|[EXTERNAL]|Bytes:-4
14:01:32.0 (62199414)|HEAP_ALLOCATE|[18]|Bytes:5
14:01:32.0 (62210119)|HEAP_ALLOCATE|[18]|Bytes:12
14:01:32.0 (62213838)|VARIABLE_SCOPE_BEGIN|[18]|r|RecordType|true|false
14:01:32.0 (62219780)|VARIABLE_ASSIGNMENT|[18]|r|{"Id":"012a0000001RUUaAAO","Name":"Training Plan"}|0x606e2726
14:01:32.0 (62221743)|STATEMENT_EXECUTE|[18]
14:01:32.0 (62223112)|STATEMENT_EXECUTE|[19]
14:01:32.0 (62236699)|HEAP_ALLOCATE|[EXTERNAL]|Bytes:-4
14:01:32.0 (62240277)|STATEMENT_EXECUTE|[20]
14:01:32.0 (62248907)|HEAP_ALLOCATE|[EXTERNAL]|Bytes:-4
14:01:32.0 (62256113)|HEAP_ALLOCATE|[18]|Bytes:5
14:01:32.0 (62266519)|HEAP_ALLOCATE|[18]|Bytes:12
14:01:32.0 (62270116)|VARIABLE_SCOPE_BEGIN|[18]|r|RecordType|true|false
14:01:32.0 (62275521)|VARIABLE_ASSIGNMENT|[18]|r|{"Id":"012a0000001RUUbAAO","Name":"Use Case"}|0x45e77078
14:01:32.0 (62277504)|STATEMENT_EXECUTE|[18]
14:01:32.0 (62278694)|STATEMENT_EXECUTE|[19]
14:01:32.0 (62291752)|HEAP_ALLOCATE|[EXTERNAL]|Bytes:-4
14:01:32.0 (62295225)|STATEMENT_EXECUTE|[20]
14:01:32.0 (62303923)|HEAP_ALLOCATE|[EXTERNAL]|Bytes:-4
14:01:32.0 (62311194)|HEAP_ALLOCATE|[18]|Bytes:5
14:01:32.0 (62321454)|HEAP_ALLOCATE|[18]|Bytes:12
14:01:32.0 (62325102)|VARIABLE_SCOPE_BEGIN|[18]|r|RecordType|true|false
14:01:32.0 (62330544)|VARIABLE_ASSIGNMENT|[18]|r|{"Id":"012a0000001RUUcAAO","Name":"User Success Plan"}|0x7be36f94
14:01:32.0 (62332859)|STATEMENT_EXECUTE|[18]
14:01:32.0 (62333931)|STATEMENT_EXECUTE|[19]
14:01:32.0 (62348154)|HEAP_ALLOCATE|[EXTERNAL]|Bytes:-4
14:01:32.0 (62351658)|STATEMENT_EXECUTE|[20]
14:01:32.0 (62361569)|HEAP_ALLOCATE|[EXTERNAL]|Bytes:-4
14:01:32.0 (62368757)|HEAP_ALLOCATE|[18]|Bytes:5
14:01:32.0 (62379174)|HEAP_ALLOCATE|[18]|Bytes:12
14:01:32.0 (62382960)|VARIABLE_SCOPE_BEGIN|[18]|r|RecordType|true|false
14:01:32.0 (62388608)|VARIABLE_ASSIGNMENT|[18]|r|{"Id":"012a0000001RUaHAAW","Name":"Pseudo Code Plan"}|0x51173a66
14:01:32.0 (62390510)|STATEMENT_EXECUTE|[18]
14:01:32.0 (62391630)|STATEMENT_EXECUTE|[19]
14:01:32.0 (62404487)|HEAP_ALLOCATE|[EXTERNAL]|Bytes:-4
14:01:32.0 (62407954)|STATEMENT_EXECUTE|[20]
14:01:32.0 (62416879)|HEAP_ALLOCATE|[EXTERNAL]|Bytes:-4
14:01:32.0 (62424161)|HEAP_ALLOCATE|[18]|Bytes:5
14:01:32.0 (62438578)|HEAP_ALLOCATE|[18]|Bytes:12
14:01:32.0 (62442544)|VARIABLE_SCOPE_BEGIN|[18]|r|RecordType|true|false
14:01:32.0 (62448301)|VARIABLE_ASSIGNMENT|[18]|r|{"Id":"012n00000004daNAAQ","Name":"Express Test"}|0x40517075
14:01:32.0 (62450514)|STATEMENT_EXECUTE|[18]
14:01:32.0 (62451779)|STATEMENT_EXECUTE|[19]
14:01:32.0 (62464955)|HEAP_ALLOCATE|[EXTERNAL]|Bytes:-4
14:01:32.0 (62468445)|STATEMENT_EXECUTE|[20]
14:01:32.0 (62477306)|HEAP_ALLOCATE|[EXTERNAL]|Bytes:-4
14:01:32.0 (62484731)|HEAP_ALLOCATE|[18]|Bytes:5
14:01:32.0 (62492886)|VARIABLE_ASSIGNMENT|[18]|r|null|
14:01:32.0 (62658613)|HEAP_ALLOCATE|[23]|Bytes:5
14:01:32.0 (62677607)|HEAP_ALLOCATE|[23]|Bytes:4
14:01:32.0 (62683814)|VARIABLE_SCOPE_BEGIN|[23]|t|Doc_Line__c|true|false
14:01:32.0 (69109376)|VARIABLE_ASSIGNMENT|[23]|t|{"LastModifiedDate":"2017-06-19T18:01:01.000Z","SaaS_Program_Marketi (5 more) ...":false,"TempLoadField__c":false,"Input_Data__c":"\u003Cbr\u003E","Doc_Line_Details__c":"\u003Ctable\u003E\u003Cthead\u003E\u003Ctr\u003E\u003Ct (270 more) ...","Name":"DID-14702","CreatedById":"005a00000092BimAAE","OwnerId":"005a00000092BimAAE","Description__c":"ghdgfh","RecordTypeId":"012a0000001FtdmAAC","Days_Open__c":25.13,"Include_In_Help_Libr (6 more) ...":false,"Method__c":"Senior Lead","SaaS_Program_Portal_ (2 more) ...":false,"IsDeleted":false,"Name__c":"new draft","PFs_p__c":"_IM1_/servlet/servle (48 more) ...","CurrencyIsoCode":"USD","SystemModstamp":"2017-06-19T18:01:01.000Z","Line_Order__c":3.50,"Expected_Results__c":"\u003Cbr\u003E","CreatedDate":"2017-05-25T14:56:57.000Z","Id":"a5Hn00000003fsqEAA","Status__c":"Draft","LastModifiedById":"005a000000AhPNuAAN","Parent_Express_Test_ (2 more) ...":"a5Hn00000003facEAA"}|0x2749d3b9
14:01:32.0 (69127398)|STATEMENT_EXECUTE|[23]
14:01:32.0 (69152594)|STATEMENT_EXECUTE|[24]
14:01:32.0 (69180017)|STATEMENT_EXECUTE|[26]
14:01:32.0 (69202335)|STATEMENT_EXECUTE|[28]
14:01:32.0 (69233504)|HEAP_ALLOCATE|[23]|Bytes:5
14:01:32.0 (69256772)|VARIABLE_ASSIGNMENT|[23]|t|null|
14:01:32.0 (69260049)|STATEMENT_EXECUTE|[31]
14:01:32.0 (69268807)|HEAP_ALLOCATE|[31]|Bytes:4
14:01:32.0 (69329701)|VARIABLE_ASSIGNMENT|[31]|this.changeControlMap|{}|0x7a077853
14:01:32.0 (69332447)|STATEMENT_EXECUTE|[32]
14:01:32.0 (69338713)|HEAP_ALLOCATE|[32]|Bytes:4
14:01:32.0 (69358606)|VARIABLE_ASSIGNMENT|[32]|this.reqLineMap|{}|0x7a077853
14:01:32.0 (69364912)|HEAP_ALLOCATE|[33]|Bytes:140
14:01:32.0 (69369665)|HEAP_ALLOCATE|[33]|Bytes:4
14:01:32.0 (69373284)|HEAP_ALLOCATE|[33]|Bytes:7
14:01:32.0 (88694538)|SOQL_EXECUTE_BEGIN|[33]|Aggregations:0|SELECT ID, name, Master_Entity__c, Master_Entity__r.Salesforce_com_Type__r.Code_Setup_Reviewer__c FROM Change_Control__c 
14:01:32.0 (91580785)|SOQL_EXECUTE_END|[33]|Rows:0
14:01:32.0 (91785028)|HEAP_ALLOCATE|[33]|Bytes:49
14:01:32.0 (91813214)|HEAP_ALLOCATE|[33]|Bytes:8
14:01:32.0 (91835559)|SYSTEM_METHOD_ENTRY|[7]|QueryLocatorIterator.QueryLocatorIterator()
14:01:32.0 (91840113)|STATEMENT_EXECUTE|[7]
14:01:32.0 (91854800)|SYSTEM_METHOD_EXIT|[7]|QueryLocatorIterator
14:01:32.0 (91863538)|HEAP_ALLOCATE|[33]|Bytes:28
14:01:32.0 (91905929)|HEAP_ALLOCATE|[33]|Bytes:8
14:01:32.0 (91909925)|HEAP_ALLOCATE|[33]|Bytes:8
14:01:32.0 (91916474)|VARIABLE_SCOPE_BEGIN|[15]|this|Database.QueryLocatorIterator|true|false
14:01:32.0 (91953434)|VARIABLE_ASSIGNMENT|[15]|this|{}|0x24c8ff52
14:01:32.0 (91956296)|VARIABLE_SCOPE_BEGIN|[15]|values|List<SObject>|true|false
14:01:32.0 (91961674)|VARIABLE_ASSIGNMENT|[15]|values|null|
14:01:32.0 (91964385)|VARIABLE_SCOPE_BEGIN|[15]|ql|Database.QueryLocator|true|false
14:01:32.0 (91979554)|VARIABLE_ASSIGNMENT|[15]|ql|{"query":"SELECT ID, name, Mas (120 more) ..."}|0x3d23bc2e
14:01:32.0 (91981847)|VARIABLE_SCOPE_BEGIN|[15]|totalNumRecords|Integer|false|false
14:01:32.0 (91985278)|VARIABLE_ASSIGNMENT|[15]|totalNumRecords|0
14:01:32.0 (91987387)|VARIABLE_SCOPE_BEGIN|[15]|queryMoreSize|Integer|false|false
14:01:32.0 (91989558)|VARIABLE_ASSIGNMENT|[15]|queryMoreSize|49973
14:01:32.0 (92061425)|HEAP_ALLOCATE|[33]|Bytes:28
14:01:32.0 (92082636)|METHOD_ENTRY|[33]||Database.QueryLocatorIterator.hasNext()
14:01:32.0 (92101274)|METHOD_EXIT|[33]||Database.QueryLocatorIterator.hasNext()
14:01:32.0 (92116378)|VARIABLE_ASSIGNMENT|[33]|c|null|
14:01:32.0 (92120653)|STATEMENT_EXECUTE|[33]
14:01:32.0 (92150026)|HEAP_ALLOCATE|[36]|Bytes:94
14:01:32.0 (92158925)|HEAP_ALLOCATE|[36]|Bytes:4
14:01:32.0 (92600678)|SOQL_EXECUTE_BEGIN|[36]|Aggregations:0|SELECT ID, name, Salesforce_com_Type__r.Tester__c FROM Requirement_Line__c 
14:01:32.0 (93784964)|SOQL_EXECUTE_END|[36]|Rows:0
14:01:32.0 (93865651)|HEAP_ALLOCATE|[36]|Bytes:28
14:01:32.0 (93879148)|HEAP_ALLOCATE|[36]|Bytes:8
14:01:32.0 (93881329)|HEAP_ALLOCATE|[36]|Bytes:8
14:01:32.0 (93884367)|VARIABLE_SCOPE_BEGIN|[15]|this|Database.QueryLocatorIterator|true|false
14:01:32.0 (93903372)|VARIABLE_ASSIGNMENT|[15]|this|{}|0xe188212
14:01:32.0 (93906092)|VARIABLE_SCOPE_BEGIN|[15]|values|List<SObject>|true|false
14:01:32.0 (93909481)|VARIABLE_ASSIGNMENT|[15]|values|null|
14:01:32.0 (93911194)|VARIABLE_SCOPE_BEGIN|[15]|ql|Database.QueryLocator|true|false
14:01:32.0 (93920469)|VARIABLE_ASSIGNMENT|[15]|ql|{"query":"SELECT ID, name, Sal (74 more) ..."}|0x6d1cc3d3
14:01:32.0 (93922292)|VARIABLE_SCOPE_BEGIN|[15]|totalNumRecords|Integer|false|false
14:01:32.0 (93925617)|VARIABLE_ASSIGNMENT|[15]|totalNumRecords|0
14:01:32.0 (93927327)|VARIABLE_SCOPE_BEGIN|[15]|queryMoreSize|Integer|false|false
14:01:32.0 (93929446)|VARIABLE_ASSIGNMENT|[15]|queryMoreSize|49973
14:01:32.0 (93963067)|HEAP_ALLOCATE|[36]|Bytes:28
14:01:32.0 (93976579)|METHOD_ENTRY|[36]||Database.QueryLocatorIterator.hasNext()
14:01:32.0 (93988239)|METHOD_EXIT|[36]||Database.QueryLocatorIterator.hasNext()
14:01:32.0 (93999049)|VARIABLE_ASSIGNMENT|[36]|r|null|
14:01:32.0 (94002027)|STATEMENT_EXECUTE|[36]
14:01:32.0 (94017621)|STATEMENT_EXECUTE|[39]
14:01:32.0 (94023509)|HEAP_ALLOCATE|[39]|Bytes:4
14:01:32.0 (94071228)|VARIABLE_ASSIGNMENT|[39]|this.wrkldMap|{}|0x7a077853
14:01:32.0 (94076559)|HEAP_ALLOCATE|[40]|Bytes:69
14:01:32.0 (94080837)|HEAP_ALLOCATE|[40]|Bytes:4
14:01:32.0 (97387994)|SOQL_EXECUTE_BEGIN|[40]|Aggregations:0|SELECT ID, name, SAAS_Profile__c FROM Workload__c 
14:01:32.0 (98808910)|SOQL_EXECUTE_END|[40]|Rows:0
14:01:32.0 (98918854)|HEAP_ALLOCATE|[40]|Bytes:28
14:01:32.0 (98939264)|HEAP_ALLOCATE|[40]|Bytes:8
14:01:32.0 (98941798)|HEAP_ALLOCATE|[40]|Bytes:8
14:01:32.0 (98946989)|VARIABLE_SCOPE_BEGIN|[15]|this|Database.QueryLocatorIterator|true|false
14:01:32.0 (98971806)|VARIABLE_ASSIGNMENT|[15]|this|{}|0x42ea1633
14:01:32.0 (98974769)|VARIABLE_SCOPE_BEGIN|[15]|values|List<SObject>|true|false
14:01:32.0 (98978702)|VARIABLE_ASSIGNMENT|[15]|values|null|
14:01:32.0 (98980656)|VARIABLE_SCOPE_BEGIN|[15]|ql|Database.QueryLocator|true|false
14:01:32.0 (98991237)|VARIABLE_ASSIGNMENT|[15]|ql|{"query":"SELECT ID, name, SAA (49 more) ..."}|0x2fc2b403
14:01:32.0 (98993123)|VARIABLE_SCOPE_BEGIN|[15]|totalNumRecords|Integer|false|false
14:01:32.0 (98996553)|VARIABLE_ASSIGNMENT|[15]|totalNumRecords|0
14:01:32.0 (98998442)|VARIABLE_SCOPE_BEGIN|[15]|queryMoreSize|Integer|false|false
14:01:32.0 (99000804)|VARIABLE_ASSIGNMENT|[15]|queryMoreSize|49973
14:01:32.0 (99042539)|HEAP_ALLOCATE|[40]|Bytes:28
14:01:32.0 (99059926)|METHOD_ENTRY|[40]||Database.QueryLocatorIterator.hasNext()
14:01:32.0 (99075320)|METHOD_EXIT|[40]||Database.QueryLocatorIterator.hasNext()
14:01:32.0 (99089666)|VARIABLE_ASSIGNMENT|[40]|r|null|
14:01:32.0 (99093774)|STATEMENT_EXECUTE|[40]
14:01:32.0 (99113258)|STATEMENT_EXECUTE|[43]
14:01:32.0 (99119028)|HEAP_ALLOCATE|[43]|Bytes:132
14:01:32.0 (99126950)|HEAP_ALLOCATE|[43]|Bytes:4
14:01:32.0 (99212812)|HEAP_ALLOCATE|[EXTERNAL]|Bytes:112
14:01:32.0 (99229530)|HEAP_ALLOCATE|[43]|Bytes:527
14:01:32.0 (100363303)|SOQL_EXECUTE_BEGIN|[43]|Aggregations:0|SELECT Id, Name, Active__c, Doc_Line_RT_Match__c FROM SAAS_Doc_Type__c WHERE (Doc_Line_RT_Match__c IN :tmpVar1 AND Active__c = TRUE)
14:01:32.0 (117760047)|SOQL_EXECUTE_END|[43]|Rows:4
14:01:32.0 (117779928)|HEAP_ALLOCATE|[43]|Bytes:20
14:01:32.0 (117807125)|HEAP_ALLOCATE|[43]|Bytes:498
14:01:32.0 (117843463)|HEAP_ALLOCATE|[43]|Bytes:20
14:01:32.0 (117912452)|VARIABLE_ASSIGNMENT|[43]|this.saasDocRec|[{"Id":"a1Za0000001eAvSEAU","Name":"Business Process Flo (9 more) ...","Active__c":true,"Doc_Line_RT_Match__c":"Process Flow Details"},{"Id":"a1Za0000001eAvUEAU","Name":"ERD-Data Model-Field (12 more) ...","Active__c":true,"Doc_Line_RT_Match__c":"ERD"},{"Id":"a1Za0000001eAvZEAU","Name":"Security Plan (Confi (12 more) ...","Active__c":true,"Doc_Line_RT_Match__c":"Security Plan"},{"Id":"a1Za0000002ml86EAA","Name":"Architecture Diagram","Active__c":true,"Doc_Line_RT_Match__c":"Architectural Diagra (1 more) ..."}]|0x7a077853
14:01:32.0 (118010678)|HEAP_ALLOCATE|[45]|Bytes:5
14:01:32.0 (118036270)|HEAP_ALLOCATE|[45]|Bytes:4
14:01:32.0 (118048917)|VARIABLE_SCOPE_BEGIN|[45]|s|Doc_Line__c|true|false
14:01:32.0 (118768494)|VARIABLE_ASSIGNMENT|[45]|s|{"LastModifiedDate":"2017-06-19T18:01:01.000Z","SaaS_Program_Marketi (5 more) ...":false,"TempLoadField__c":false,"Input_Data__c":"\u003Cbr\u003E","Doc_Line_Details__c":"\u003Ctable\u003E\u003Cthead\u003E\u003Ctr\u003E\u003Ct (270 more) ...","Name":"DID-14702","CreatedById":"005a00000092BimAAE","OwnerId":"005a00000092BimAAE","Description__c":"ghdgfh","RecordTypeId":"012a0000001FtdmAAC","Days_Open__c":25.13,"Include_In_Help_Libr (6 more) ...":false,"Method__c":"Senior Lead","SaaS_Program_Portal_ (2 more) ...":false,"IsDeleted":false,"Name__c":"new draft","PFs_p__c":"_IM1_/servlet/servle (48 more) ...","CurrencyIsoCode":"USD","SystemModstamp":"2017-06-19T18:01:01.000Z","Line_Order__c":3.50,"Expected_Results__c":"\u003Cbr\u003E","CreatedDate":"2017-05-25T14:56:57.000Z","Id":"a5Hn00000003fsqEAA","Status__c":"Draft","LastModifiedById":"005a000000AhPNuAAN","Parent_Express_Test_ (2 more) ...":"a5Hn00000003facEAA"}|0x2749d3b9
14:01:32.0 (118778887)|STATEMENT_EXECUTE|[45]
14:01:32.0 (118823162)|HEAP_ALLOCATE|[46]|Bytes:17
14:01:32.0 (118902343)|STATEMENT_EXECUTE|[46]
14:01:32.0 (118921711)|HEAP_ALLOCATE|[53]|Bytes:4
14:01:32.0 (118946048)|STATEMENT_EXECUTE|[53]
14:01:32.0 (118950699)|STATEMENT_EXECUTE|[60]
14:01:32.0 (118996478)|VARIABLE_SCOPE_BEGIN|[60]|doclineRT|String|false|false
14:01:32.0 (119004506)|VARIABLE_ASSIGNMENT|[60]|doclineRT|"Test-User or UAT"
14:01:32.0 (119193863)|HEAP_ALLOCATE|[61]|Bytes:5
14:01:32.0 (119227528)|HEAP_ALLOCATE|[61]|Bytes:20
14:01:32.0 (119234687)|VARIABLE_SCOPE_BEGIN|[61]|sDoc|SAAS_Doc_Type__c|true|false
14:01:32.0 (119248554)|VARIABLE_ASSIGNMENT|[61]|sDoc|{"Id":"a1Za0000001eAvSEAU","Name":"Business Process Flo (9 more) ...","Active__c":true,"Doc_Line_RT_Match__c":"Process Flow Details"}|0x5becb76a
14:01:32.0 (119252489)|STATEMENT_EXECUTE|[61]
14:01:32.0 (119306078)|STATEMENT_EXECUTE|[62]
14:01:32.0 (119321135)|HEAP_ALLOCATE|[61]|Bytes:5
14:01:32.0 (119338006)|HEAP_ALLOCATE|[61]|Bytes:20
14:01:32.0 (119343006)|VARIABLE_SCOPE_BEGIN|[61]|sDoc|SAAS_Doc_Type__c|true|false
14:01:32.0 (119353288)|VARIABLE_ASSIGNMENT|[61]|sDoc|{"Id":"a1Za0000001eAvUEAU","Name":"ERD-Data Model-Field (12 more) ...","Active__c":true,"Doc_Line_RT_Match__c":"ERD"}|0x345dc96d
14:01:32.0 (119356050)|STATEMENT_EXECUTE|[61]
14:01:32.0 (119379419)|STATEMENT_EXECUTE|[62]
14:01:32.0 (119391394)|HEAP_ALLOCATE|[61]|Bytes:5
14:01:32.0 (119405995)|HEAP_ALLOCATE|[61]|Bytes:20
14:01:32.0 (119410573)|VARIABLE_SCOPE_BEGIN|[61]|sDoc|SAAS_Doc_Type__c|true|false
14:01:32.0 (119419674)|VARIABLE_ASSIGNMENT|[61]|sDoc|{"Id":"a1Za0000001eAvZEAU","Name":"Security Plan (Confi (12 more) ...","Active__c":true,"Doc_Line_RT_Match__c":"Security Plan"}|0x6b04d2d6
14:01:32.0 (119422558)|STATEMENT_EXECUTE|[61]
14:01:32.0 (119445774)|STATEMENT_EXECUTE|[62]
14:01:32.0 (119458036)|HEAP_ALLOCATE|[61]|Bytes:5
14:01:32.0 (119472350)|HEAP_ALLOCATE|[61]|Bytes:20
14:01:32.0 (119476687)|VARIABLE_SCOPE_BEGIN|[61]|sDoc|SAAS_Doc_Type__c|true|false
14:01:32.0 (119485809)|VARIABLE_ASSIGNMENT|[61]|sDoc|{"Id":"a1Za0000002ml86EAA","Name":"Architecture Diagram","Active__c":true,"Doc_Line_RT_Match__c":"Architectural Diagra (1 more) ..."}|0x7fd022eb
14:01:32.0 (119488104)|STATEMENT_EXECUTE|[61]
14:01:32.0 (119507004)|STATEMENT_EXECUTE|[62]
14:01:32.0 (119517940)|HEAP_ALLOCATE|[61]|Bytes:5
14:01:32.0 (119526430)|VARIABLE_ASSIGNMENT|[61]|sDoc|null|
14:01:32.0 (119541494)|STATEMENT_EXECUTE|[65]
14:01:32.0 (119550963)|HEAP_ALLOCATE|[45]|Bytes:5
14:01:32.0 (119558367)|VARIABLE_ASSIGNMENT|[45]|s|null|
14:01:32.119 (119568422)|CUMULATIVE_LIMIT_USAGE
14:01:32.119 (119568422)|LIMIT_USAGE_FOR_NS|(default)|
  Number of SOQL queries: 5 out of 100
  Number of query rows: 31 out of 50000
  Number of SOSL queries: 0 out of 20
  Number of DML statements: 0 out of 150
  Number of DML rows: 0 out of 10000
  Maximum CPU time: 0 out of 10000
  Maximum heap size: 0 out of 6000000
  Number of callouts: 0 out of 100
  Number of Email Invocations: 0 out of 10
  Number of future calls: 0 out of 50
  Number of queueable jobs added to the queue: 0 out of 50
  Number of Mobile Apex push calls: 0 out of 10

14:01:32.119 (119568422)|CUMULATIVE_LIMIT_USAGE_END

14:01:32.0 (121110661)|CODE_UNIT_FINISHED|populateTestDocLineFields on Doc_Line trigger event BeforeUpdate for [a5Hn00000003fsq]
14:01:32.0 (138868500)|CODE_UNIT_STARTED|[EXTERNAL]|Validation:Doc_Line:a5Hn00000003fsq
14:01:32.0 (138881554)|VALIDATION_RULE|03da0000000qGwk|Verify_Status_n_Pass_Fail_for_CSR
14:01:32.0 (139173800)|VALIDATION_FORMULA|AND 
( 
OR( 
ISPICKVAL(Status__c,"Not Started"), 
ISPICKVAL(Status__c,"Ready For Code-Setup Review"),
ISPICKVAL(Status__c,"Code-Setup Review In Progress"),
ISPICKVAL(Status__c,"Cancelled")
),
RecordTypeId = '012a0000001RUUO',
OR( 
ISPICKVAL(Pass_Fail__c,"Pass"), 
ISPICKVAL(Pass_Fail__c,"Fail") 
)
)|RecordTypeId=012a0000001Ftdm , Status__c=Draft , Pass_Fail__c=null
14:01:32.0 (139181761)|VALIDATION_PASS
14:01:32.0 (139183799)|VALIDATION_RULE|03da0000000qGwp|Verify_Status_n_Pass_Fail_for_Tests
14:01:32.0 (139334501)|VALIDATION_FORMULA|AND 
( 
ISPICKVAL(Status__c,"Not Started"),
RecordTypeId = '012a0000001RUUZ',
OR( 
ISPICKVAL(Pass_Fail__c,"Pass"), 
ISPICKVAL(Pass_Fail__c,"Fail") 
)
)|RecordTypeId=012a0000001Ftdm , Status__c=Draft , Pass_Fail__c=null
14:01:32.0 (139340004)|VALIDATION_PASS
14:01:32.0 (139341748)|VALIDATION_RULE|03da0000000qHG5|Test_Completed_Date_and_Pass_Fail
14:01:32.0 (139491981)|VALIDATION_FORMULA|AND 
( 
ISPICKVAL(Status__c,"Testing Complete"),
RecordTypeId = '012a0000001RUUZ',
OR(
ISBLANK(Completed_Date__c),
ISPICKVAL(Pass_Fail__c,"")
)
)|RecordTypeId=012a0000001Ftdm , Status__c=Draft , Completed_Date__c=null , Pass_Fail__c=null
14:01:32.0 (139497493)|VALIDATION_PASS
14:01:32.0 (139498942)|VALIDATION_RULE|03da0000000qHG0|Verify_Completed_Date_and_Pass_Fail
14:01:32.0 (139641309)|VALIDATION_FORMULA|AND 
( 
ISPICKVAL(Status__c,"Code Review Complete"),
RecordTypeId = '012a0000001RUUO',
OR(
ISBLANK(Completed_Date__c),
ISPICKVAL(Pass_Fail__c,"")
)
)|RecordTypeId=012a0000001Ftdm , Status__c=Draft , Completed_Date__c=null , Pass_Fail__c=null
14:01:32.0 (139646786)|VALIDATION_PASS
14:01:32.0 (139648161)|VALIDATION_RULE|03da0000000meXB|Video_Prevent_Status_Selection
14:01:32.0 (139735617)|VALIDATION_FORMULA|AND(
RecordTypeId = '012a0000001FtHa',
ISPICKVAL(Status__c, 'Approved'),
ISCHANGED( Status__c ))|RecordTypeId=012a0000001Ftdm , Status__c=Draft
14:01:32.0 (139739429)|VALIDATION_PASS
14:01:32.0 (139740674)|VALIDATION_RULE|03da0000000meXG|Video_Restricted_Fields
14:01:32.0 (139857025)|VALIDATION_FORMULA|AND(
RecordTypeId = '012a0000001FtHa',
NOT(ISPICKVAL( Status__c ,'Approved')),
OR(
ISCHANGED( Include_In_Help_Library__c ),
ISCHANGED( SaaS_Program_Portal__c )))|RecordTypeId=012a0000001Ftdm , SaaS_Program_Portal__c=0 , Status__c=Draft , Include_In_Help_Library__c=0
14:01:32.0 (139860840)|VALIDATION_PASS
14:01:32.0 (139900081)|CODE_UNIT_FINISHED|Validation:Doc_Line:a5Hn00000003fsq
14:01:32.0 (171036786)|CODE_UNIT_STARTED|[EXTERNAL]|01qa0000000646H|createVelocityDocLine on Doc_Line trigger event AfterUpdate for [a5Hn00000003fsq]
14:01:32.0 (171076023)|HEAP_ALLOCATE|[EXTERNAL]|Bytes:8
14:01:32.0 (171110257)|HEAP_ALLOCATE|[EXTERNAL]|Bytes:8
14:01:32.0 (171231397)|HEAP_ALLOCATE|[EXTERNAL]|Bytes:18
14:01:32.0 (171301888)|HEAP_ALLOCATE|[EXTERNAL]|Bytes:44
14:01:32.0 (171310465)|VARIABLE_SCOPE_BEGIN|[12]|this|createVelocityDocLine|true|false
14:01:32.0 (171358578)|VARIABLE_ASSIGNMENT|[12]|this|{}|0xb55d2e8
14:01:32.0 (171401104)|HEAP_ALLOCATE|[EXTERNAL]|Bytes:44
14:01:32.0 (171407877)|VARIABLE_SCOPE_BEGIN|[12]|this|createVelocityDocLine|true|false
14:01:32.0 (171418312)|VARIABLE_ASSIGNMENT|[12]|this|{}|0xb55d2e8
14:01:32.0 (171422952)|STATEMENT_EXECUTE|[12]
14:01:32.0 (171424892)|STATEMENT_EXECUTE|[13]
14:01:32.0 (171447846)|HEAP_ALLOCATE|[13]|Bytes:4
14:01:32.0 (171493778)|VARIABLE_ASSIGNMENT|[13]|this.recordTypeMap|{}|0xb55d2e8
14:01:32.0 (171496465)|STATEMENT_EXECUTE|[14]
14:01:32.0 (171505386)|HEAP_ALLOCATE|[14]|Bytes:4
14:01:32.0 (171570315)|VARIABLE_ASSIGNMENT|[14]|this.ccIDSet|[]|0xb55d2e8
14:01:32.0 (171572998)|STATEMENT_EXECUTE|[15]
14:01:32.0 (171579625)|HEAP_ALLOCATE|[15]|Bytes:4
14:01:32.0 (172164355)|VARIABLE_ASSIGNMENT|[15]|this.CRStatusMap|{}|0xb55d2e8
14:01:32.0 (172168268)|STATEMENT_EXECUTE|[16]
14:01:32.0 (172177560)|HEAP_ALLOCATE|[16]|Bytes:4
14:01:32.0 (172282007)|HEAP_ALLOCATE|[EXTERNAL]|Bytes:4
14:01:32.0 (172290682)|VARIABLE_ASSIGNMENT|[16]|this.updateCCRecs|[]|0xb55d2e8
14:01:32.0 (172292894)|STATEMENT_EXECUTE|[17]
14:01:32.0 (172301790)|HEAP_ALLOCATE|[17]|Bytes:4
14:01:32.0 (172464694)|SOQL_EXECUTE_BEGIN|[17]|Aggregations:0|SELECT Id, name FROM RecordType WHERE SobjectType = 'Doc_Line__c'
14:01:32.0 (194557316)|SOQL_EXECUTE_END|[17]|Rows:27
14:01:32.0 (194581081)|HEAP_ALLOCATE|[17]|Bytes:112
14:01:32.0 (194627327)|HEAP_ALLOCATE|[17]|Bytes:1522
14:01:32.0 (194656008)|HEAP_ALLOCATE|[17]|Bytes:112
14:01:32.0 (194707140)|VARIABLE_ASSIGNMENT|[17]|this.recordTypeset|"List of size 27 too large to display"|0xb55d2e8
14:01:32.0 (194711340)|STATEMENT_EXECUTE|[18]
14:01:32.0 (194722355)|HEAP_ALLOCATE|[18]|Bytes:15
14:01:32.0 (194801939)|HEAP_ALLOCATE|[18]|Bytes:2
14:01:32.0 (194812832)|HEAP_ALLOCATE|[18]|Bytes:12
14:01:32.0 (194830739)|HEAP_ALLOCATE|[18]|Bytes:2
14:01:32.0 (194845702)|HEAP_ALLOCATE|[18]|Bytes:31
14:01:32.0 (194868283)|USER_DEBUG|[18]|DEBUG|*** CRStatusMap{}    ***     {}
14:01:32.0 (194873507)|STATEMENT_EXECUTE|[19]
14:01:32.0 (194883303)|HEAP_ALLOCATE|[19]|Bytes:4
14:01:32.0 (194904895)|VARIABLE_ASSIGNMENT|[19]|this.tcTbIdMap|{}|0xb55d2e8
14:01:32.0 (194907310)|STATEMENT_EXECUTE|[20]
14:01:32.0 (194914539)|HEAP_ALLOCATE|[20]|Bytes:4
14:01:32.0 (194957805)|VARIABLE_ASSIGNMENT|[20]|this.tbIdSet|[]|0xb55d2e8
14:01:32.0 (194960467)|STATEMENT_EXECUTE|[21]
14:01:32.0 (194967959)|HEAP_ALLOCATE|[21]|Bytes:4
14:01:32.0 (195008677)|HEAP_ALLOCATE|[EXTERNAL]|Bytes:4
14:01:32.0 (195016974)|VARIABLE_ASSIGNMENT|[21]|this.tbIdList|[]|0xb55d2e8
14:01:32.0 (195019096)|STATEMENT_EXECUTE|[22]
14:01:32.0 (195025123)|HEAP_ALLOCATE|[22]|Bytes:4
14:01:32.0 (195058563)|VARIABLE_ASSIGNMENT|[22]|this.parentIdSet|[]|0xb55d2e8
14:01:32.0 (195111475)|HEAP_ALLOCATE|[25]|Bytes:5
14:01:32.0 (195141619)|HEAP_ALLOCATE|[25]|Bytes:12
14:01:32.0 (195153224)|VARIABLE_SCOPE_BEGIN|[25]|r|RecordType|true|false
14:01:32.0 (195168968)|VARIABLE_ASSIGNMENT|[25]|r|{"Id":"012a00000018FzhAAE","Name":"User Review"}|0x718f2c5b
14:01:32.0 (195172807)|STATEMENT_EXECUTE|[25]
14:01:32.0 (195173989)|STATEMENT_EXECUTE|[26]
14:01:32.0 (195239650)|HEAP_ALLOCATE|[EXTERNAL]|Bytes:-4
14:01:32.0 (195252565)|HEAP_ALLOCATE|[25]|Bytes:5
14:01:32.0 (195268514)|HEAP_ALLOCATE|[25]|Bytes:12
14:01:32.0 (195273749)|VARIABLE_SCOPE_BEGIN|[25]|r|RecordType|true|false
14:01:32.0 (195282710)|VARIABLE_ASSIGNMENT|[25]|r|{"Id":"012a0000001CGdPAAW","Name":"Requirements"}|0x33c94af7
14:01:32.0 (195285174)|STATEMENT_EXECUTE|[25]
14:01:32.0 (195286286)|STATEMENT_EXECUTE|[26]
14:01:32.0 (195305760)|HEAP_ALLOCATE|[EXTERNAL]|Bytes:-4
14:01:32.0 (195314985)|HEAP_ALLOCATE|[25]|Bytes:5
14:01:32.0 (195326822)|HEAP_ALLOCATE|[25]|Bytes:12
14:01:32.0 (195331095)|VARIABLE_SCOPE_BEGIN|[25]|r|RecordType|true|false
14:01:32.0 (195337798)|VARIABLE_ASSIGNMENT|[25]|r|{"Id":"012a0000001CGdQAAW","Name":"User Guide"}|0x161e5d8b
14:01:32.0 (195340262)|STATEMENT_EXECUTE|[25]
14:01:32.0 (195341410)|STATEMENT_EXECUTE|[26]
14:01:32.0 (195357088)|HEAP_ALLOCATE|[EXTERNAL]|Bytes:-4
14:01:32.0 (195365697)|HEAP_ALLOCATE|[25]|Bytes:5
14:01:32.0 (195376819)|HEAP_ALLOCATE|[25]|Bytes:12
14:01:32.0 (195381576)|VARIABLE_SCOPE_BEGIN|[25]|r|RecordType|true|false
14:01:32.0 (195390091)|VARIABLE_ASSIGNMENT|[25]|r|{"Id":"012a0000001CGdUAAW","Name":"IT Solutions Analysi (1 more) ..."}|0x223f676c
14:01:32.0 (195392446)|STATEMENT_EXECUTE|[25]
14:01:32.0 (195393541)|STATEMENT_EXECUTE|[26]
14:01:32.0 (195413865)|HEAP_ALLOCATE|[EXTERNAL]|Bytes:-4
14:01:32.0 (195422202)|HEAP_ALLOCATE|[25]|Bytes:5
14:01:32.0 (195435423)|HEAP_ALLOCATE|[25]|Bytes:12
14:01:32.0 (195440716)|VARIABLE_SCOPE_BEGIN|[25]|r|RecordType|true|false
14:01:32.0 (195449134)|VARIABLE_ASSIGNMENT|[25]|r|{"Id":"012a0000001Ft7fAAC","Name":"Release Notes"}|0x2a5a7a84
14:01:32.0 (195451546)|STATEMENT_EXECUTE|[25]
14:01:32.0 (195452677)|STATEMENT_EXECUTE|[26]
14:01:32.0 (195469457)|HEAP_ALLOCATE|[EXTERNAL]|Bytes:-4
14:01:32.0 (195477710)|HEAP_ALLOCATE|[25]|Bytes:5
14:01:32.0 (195488640)|HEAP_ALLOCATE|[25]|Bytes:12
14:01:32.0 (195492729)|VARIABLE_SCOPE_BEGIN|[25]|r|RecordType|true|false
14:01:32.0 (195498585)|VARIABLE_ASSIGNMENT|[25]|r|{"Id":"012a0000001FtHaAAK","Name":"Video"}|0x53bd03ca
14:01:32.0 (195501108)|STATEMENT_EXECUTE|[25]
14:01:32.0 (195502201)|STATEMENT_EXECUTE|[26]
14:01:32.0 (195516595)|HEAP_ALLOCATE|[EXTERNAL]|Bytes:-4
14:01:32.0 (195529920)|HEAP_ALLOCATE|[25]|Bytes:5
14:01:32.0 (195541146)|HEAP_ALLOCATE|[25]|Bytes:12
14:01:32.0 (195545232)|VARIABLE_SCOPE_BEGIN|[25]|r|RecordType|true|false
14:01:32.0 (195551099)|VARIABLE_ASSIGNMENT|[25]|r|{"Id":"012a0000001FtblAAC","Name":"Picture"}|0x37abee33
14:01:32.0 (195553408)|STATEMENT_EXECUTE|[25]
14:01:32.0 (195555083)|STATEMENT_EXECUTE|[26]
14:01:32.0 (195571502)|HEAP_ALLOCATE|[EXTERNAL]|Bytes:-4
14:01:32.0 (195580279)|HEAP_ALLOCATE|[25]|Bytes:5
14:01:32.0 (195591085)|HEAP_ALLOCATE|[25]|Bytes:12
14:01:32.0 (195594952)|VARIABLE_SCOPE_BEGIN|[25]|r|RecordType|true|false
14:01:32.0 (195600714)|VARIABLE_ASSIGNMENT|[25]|r|{"Id":"012a0000001FtdmAAC","Name":"Test-User or UAT"}|0x6e76ebad
14:01:32.0 (195608107)|STATEMENT_EXECUTE|[25]
14:01:32.0 (195609253)|STATEMENT_EXECUTE|[26]
14:01:32.0 (195624302)|HEAP_ALLOCATE|[EXTERNAL]|Bytes:-4
14:01:32.0 (195632704)|HEAP_ALLOCATE|[25]|Bytes:5
14:01:32.0 (195645340)|HEAP_ALLOCATE|[25]|Bytes:12
14:01:32.0 (195649618)|VARIABLE_SCOPE_BEGIN|[25]|r|RecordType|true|false
14:01:32.0 (195656596)|VARIABLE_ASSIGNMENT|[25]|r|{"Id":"012a0000001FtdrAAC","Name":"Architectural Diagra (1 more) ..."}|0x178122bd
14:01:32.0 (195659046)|STATEMENT_EXECUTE|[25]
14:01:32.0 (195660242)|STATEMENT_EXECUTE|[26]
14:01:32.0 (195675265)|HEAP_ALLOCATE|[EXTERNAL]|Bytes:-4
14:01:32.0 (195682802)|HEAP_ALLOCATE|[25]|Bytes:5
14:01:32.0 (195693343)|HEAP_ALLOCATE|[25]|Bytes:12
14:01:32.0 (195697144)|VARIABLE_SCOPE_BEGIN|[25]|r|RecordType|true|false
14:01:32.0 (195703579)|VARIABLE_ASSIGNMENT|[25]|r|{"Id":"012a0000001FtdwAAC","Name":"GUI Mockup-Screen La (4 more) ..."}|0x2c19c0d4
14:01:32.0 (195705718)|STATEMENT_EXECUTE|[25]
14:01:32.0 (195706860)|STATEMENT_EXECUTE|[26]
14:01:32.0 (195725442)|HEAP_ALLOCATE|[EXTERNAL]|Bytes:-4
14:01:32.0 (195733353)|HEAP_ALLOCATE|[25]|Bytes:5
14:01:32.0 (195744526)|HEAP_ALLOCATE|[25]|Bytes:12
14:01:32.0 (195750349)|VARIABLE_SCOPE_BEGIN|[25]|r|RecordType|true|false
14:01:32.0 (195756742)|VARIABLE_ASSIGNMENT|[25]|r|{"Id":"012a0000001FujOAAS","Name":"Email Attachments"}|0x44ab7912
14:01:32.0 (195759063)|STATEMENT_EXECUTE|[25]
14:01:32.0 (195760146)|STATEMENT_EXECUTE|[26]
14:01:32.0 (195774852)|HEAP_ALLOCATE|[EXTERNAL]|Bytes:-4
14:01:32.0 (195782639)|HEAP_ALLOCATE|[25]|Bytes:5
14:01:32.0 (195796735)|HEAP_ALLOCATE|[25]|Bytes:12
14:01:32.0 (195800999)|VARIABLE_SCOPE_BEGIN|[25]|r|RecordType|true|false
14:01:32.0 (195806999)|VARIABLE_ASSIGNMENT|[25]|r|{"Id":"012a0000001RUUOAA4","Name":"Code-Setup Review"}|0x1dd9c9a9
14:01:32.0 (195809575)|STATEMENT_EXECUTE|[25]
14:01:32.0 (195810740)|STATEMENT_EXECUTE|[26]
14:01:32.0 (195827212)|HEAP_ALLOCATE|[EXTERNAL]|Bytes:-4
14:01:32.0 (195835488)|HEAP_ALLOCATE|[25]|Bytes:5
14:01:32.0 (195846472)|HEAP_ALLOCATE|[25]|Bytes:12
14:01:32.0 (195850296)|VARIABLE_SCOPE_BEGIN|[25]|r|RecordType|true|false
14:01:32.0 (195856157)|VARIABLE_ASSIGNMENT|[25]|r|{"Id":"012a0000001RUUPAA4","Name":"Communication Plan"}|0x3d38465
14:01:32.0 (195858526)|STATEMENT_EXECUTE|[25]
14:01:32.0 (195859618)|STATEMENT_EXECUTE|[26]
14:01:32.0 (195874467)|HEAP_ALLOCATE|[EXTERNAL]|Bytes:-4
14:01:32.0 (195882005)|HEAP_ALLOCATE|[25]|Bytes:5
14:01:32.0 (195895797)|HEAP_ALLOCATE|[25]|Bytes:12
14:01:32.0 (195900006)|VARIABLE_SCOPE_BEGIN|[25]|r|RecordType|true|false
14:01:32.0 (195906072)|VARIABLE_ASSIGNMENT|[25]|r|{"Id":"012a0000001RUUQAA4","Name":"Deployment Plan"}|0x61aefbab
14:01:32.0 (195909368)|STATEMENT_EXECUTE|[25]
14:01:32.0 (195910576)|STATEMENT_EXECUTE|[26]
14:01:32.0 (195951699)|HEAP_ALLOCATE|[EXTERNAL]|Bytes:-4
14:01:32.0 (195961420)|HEAP_ALLOCATE|[25]|Bytes:5
14:01:32.0 (195978572)|HEAP_ALLOCATE|[25]|Bytes:12
14:01:32.0 (195983392)|VARIABLE_SCOPE_BEGIN|[25]|r|RecordType|true|false
14:01:32.0 (195990529)|VARIABLE_ASSIGNMENT|[25]|r|{"Id":"012a0000001RUURAA4","Name":"ERD"}|0x7e527d65
14:01:32.0 (195997005)|STATEMENT_EXECUTE|[25]
14:01:32.0 (195998217)|STATEMENT_EXECUTE|[26]
14:01:32.0 (196015157)|HEAP_ALLOCATE|[EXTERNAL]|Bytes:-4
14:01:32.0 (196024178)|HEAP_ALLOCATE|[25]|Bytes:5
14:01:32.0 (196035297)|HEAP_ALLOCATE|[25]|Bytes:12
14:01:32.0 (196039049)|VARIABLE_SCOPE_BEGIN|[25]|r|RecordType|true|false
14:01:32.0 (196049000)|VARIABLE_ASSIGNMENT|[25]|r|{"Id":"012a0000001RUUSAA4","Name":"Post Production Supp (8 more) ..."}|0x2d957787
14:01:32.0 (196051444)|STATEMENT_EXECUTE|[25]
14:01:32.0 (196052584)|STATEMENT_EXECUTE|[26]
14:01:32.0 (196090989)|HEAP_ALLOCATE|[EXTERNAL]|Bytes:-4
14:01:32.0 (196100327)|HEAP_ALLOCATE|[25]|Bytes:5
14:01:32.0 (196132609)|HEAP_ALLOCATE|[25]|Bytes:12
14:01:32.0 (196139040)|VARIABLE_SCOPE_BEGIN|[25]|r|RecordType|true|false
14:01:32.0 (196162586)|VARIABLE_ASSIGNMENT|[25]|r|{"Id":"012a0000001RUUTAA4","Name":"Process Flow Details"}|0x32fa3efc
14:01:32.0 (196165667)|STATEMENT_EXECUTE|[25]
14:01:32.0 (196166995)|STATEMENT_EXECUTE|[26]
14:01:32.0 (196189676)|HEAP_ALLOCATE|[EXTERNAL]|Bytes:-4
14:01:32.0 (196198983)|HEAP_ALLOCATE|[25]|Bytes:5
14:01:32.0 (196211007)|HEAP_ALLOCATE|[25]|Bytes:12
14:01:32.0 (196215671)|VARIABLE_SCOPE_BEGIN|[25]|r|RecordType|true|false
14:01:32.0 (196223143)|VARIABLE_ASSIGNMENT|[25]|r|{"Id":"012a0000001RUUVAA4","Name":"SaaS Program Standar (1 more) ..."}|0x249fe8ab
14:01:32.0 (196225430)|STATEMENT_EXECUTE|[25]
14:01:32.0 (196226521)|STATEMENT_EXECUTE|[26]
14:01:32.0 (196241557)|HEAP_ALLOCATE|[EXTERNAL]|Bytes:-4
14:01:32.0 (196249372)|HEAP_ALLOCATE|[25]|Bytes:5
14:01:32.0 (196259752)|HEAP_ALLOCATE|[25]|Bytes:12
14:01:32.0 (196263499)|VARIABLE_SCOPE_BEGIN|[25]|r|RecordType|true|false
14:01:32.0 (196269401)|VARIABLE_ASSIGNMENT|[25]|r|{"Id":"012a0000001RUUWAA4","Name":"Security Plan"}|0x494b0008
14:01:32.0 (196271683)|STATEMENT_EXECUTE|[25]
14:01:32.0 (196272795)|STATEMENT_EXECUTE|[26]
14:01:32.0 (196286703)|HEAP_ALLOCATE|[EXTERNAL]|Bytes:-4
14:01:32.0 (196294361)|HEAP_ALLOCATE|[25]|Bytes:5
14:01:32.0 (196304608)|HEAP_ALLOCATE|[25]|Bytes:12
14:01:32.0 (196308319)|VARIABLE_SCOPE_BEGIN|[25]|r|RecordType|true|false
14:01:32.0 (196314817)|VARIABLE_ASSIGNMENT|[25]|r|{"Id":"012a0000001RUUXAA4","Name":"Technical Specificat (3 more) ..."}|0x4f646fe9
14:01:32.0 (196317728)|STATEMENT_EXECUTE|[25]
14:01:32.0 (196318842)|STATEMENT_EXECUTE|[26]
14:01:32.0 (196333280)|HEAP_ALLOCATE|[EXTERNAL]|Bytes:-4
14:01:32.0 (196341153)|HEAP_ALLOCATE|[25]|Bytes:5
14:01:32.0 (196351649)|HEAP_ALLOCATE|[25]|Bytes:12
14:01:32.0 (196355409)|VARIABLE_SCOPE_BEGIN|[25]|r|RecordType|true|false
14:01:32.0 (196361100)|VARIABLE_ASSIGNMENT|[25]|r|{"Id":"012a0000001RUUYAA4","Name":"Technical User Guide"}|0x2c8ab527
14:01:32.0 (196363225)|STATEMENT_EXECUTE|[25]
14:01:32.0 (196364312)|STATEMENT_EXECUTE|[26]
14:01:32.0 (196378448)|HEAP_ALLOCATE|[EXTERNAL]|Bytes:-4
14:01:32.0 (196385938)|HEAP_ALLOCATE|[25]|Bytes:5
14:01:32.0 (196399255)|HEAP_ALLOCATE|[25]|Bytes:12
14:01:32.0 (196403310)|VARIABLE_SCOPE_BEGIN|[25]|r|RecordType|true|false
14:01:32.0 (196408847)|VARIABLE_ASSIGNMENT|[25]|r|{"Id":"012a0000001RUUZAA4","Name":"Test-Unit Test"}|0x778bcaad
14:01:32.0 (196410945)|STATEMENT_EXECUTE|[25]
14:01:32.0 (196412408)|STATEMENT_EXECUTE|[26]
14:01:32.0 (196427195)|HEAP_ALLOCATE|[EXTERNAL]|Bytes:-4
14:01:32.0 (196436941)|HEAP_ALLOCATE|[25]|Bytes:5
14:01:32.0 (196447983)|HEAP_ALLOCATE|[25]|Bytes:12
14:01:32.0 (196451793)|VARIABLE_SCOPE_BEGIN|[25]|r|RecordType|true|false
14:01:32.0 (196457338)|VARIABLE_ASSIGNMENT|[25]|r|{"Id":"012a0000001RUUaAAO","Name":"Training Plan"}|0x66d1cf14
14:01:32.0 (196459529)|STATEMENT_EXECUTE|[25]
14:01:32.0 (196460605)|STATEMENT_EXECUTE|[26]
14:01:32.0 (196474941)|HEAP_ALLOCATE|[EXTERNAL]|Bytes:-4
14:01:32.0 (196482627)|HEAP_ALLOCATE|[25]|Bytes:5
14:01:32.0 (196493090)|HEAP_ALLOCATE|[25]|Bytes:12
14:01:32.0 (196496878)|VARIABLE_SCOPE_BEGIN|[25]|r|RecordType|true|false
14:01:32.0 (196502892)|VARIABLE_ASSIGNMENT|[25]|r|{"Id":"012a0000001RUUbAAO","Name":"Use Case"}|0xaa6ff00
14:01:32.0 (196505284)|STATEMENT_EXECUTE|[25]
14:01:32.0 (196506369)|STATEMENT_EXECUTE|[26]
14:01:32.0 (196520152)|HEAP_ALLOCATE|[EXTERNAL]|Bytes:-4
14:01:32.0 (196527591)|HEAP_ALLOCATE|[25]|Bytes:5
14:01:32.0 (196537845)|HEAP_ALLOCATE|[25]|Bytes:12
14:01:32.0 (196541897)|VARIABLE_SCOPE_BEGIN|[25]|r|RecordType|true|false
14:01:32.0 (196547197)|VARIABLE_ASSIGNMENT|[25]|r|{"Id":"012a0000001RUUcAAO","Name":"User Success Plan"}|0x737c50fe
14:01:32.0 (196549595)|STATEMENT_EXECUTE|[25]
14:01:32.0 (196550694)|STATEMENT_EXECUTE|[26]
14:01:32.0 (196565409)|HEAP_ALLOCATE|[EXTERNAL]|Bytes:-4
14:01:32.0 (196573258)|HEAP_ALLOCATE|[25]|Bytes:5
14:01:32.0 (196583697)|HEAP_ALLOCATE|[25]|Bytes:12
14:01:32.0 (196587452)|VARIABLE_SCOPE_BEGIN|[25]|r|RecordType|true|false
14:01:32.0 (196593016)|VARIABLE_ASSIGNMENT|[25]|r|{"Id":"012a0000001RUaHAAW","Name":"Pseudo Code Plan"}|0x5a8b329e
14:01:32.0 (196595100)|STATEMENT_EXECUTE|[25]
14:01:32.0 (196596163)|STATEMENT_EXECUTE|[26]
14:01:32.0 (196610426)|HEAP_ALLOCATE|[EXTERNAL]|Bytes:-4
14:01:32.0 (196618195)|HEAP_ALLOCATE|[25]|Bytes:5
14:01:32.0 (196628377)|HEAP_ALLOCATE|[25]|Bytes:12
14:01:32.0 (196632169)|VARIABLE_SCOPE_BEGIN|[25]|r|RecordType|true|false
14:01:32.0 (196637577)|VARIABLE_ASSIGNMENT|[25]|r|{"Id":"012n00000004daNAAQ","Name":"Express Test"}|0x32caefb4
14:01:32.0 (196640379)|STATEMENT_EXECUTE|[25]
14:01:32.0 (196644701)|STATEMENT_EXECUTE|[26]
14:01:32.0 (196659451)|HEAP_ALLOCATE|[EXTERNAL]|Bytes:-4
14:01:32.0 (196667475)|HEAP_ALLOCATE|[25]|Bytes:5
14:01:32.0 (196676096)|VARIABLE_ASSIGNMENT|[25]|r|null|
14:01:32.0 (196729582)|HEAP_ALLOCATE|[29]|Bytes:5
14:01:32.0 (196744910)|VARIABLE_SCOPE_BEGIN|[29]|d|Doc_Line__c|true|false
14:01:32.0 (212173588)|VARIABLE_ASSIGNMENT|[29]|d|{"LastModifiedDate":"2017-06-19T18:01:32.000Z","SaaS_Program_Marketi (5 more) ...":false,"TempLoadField__c":false,"Input_Data__c":"\u003Cbr\u003E","Doc_Line_Details__c":"\u003Ctable\u003E\u003Cthead\u003E\u003Ctr\u003E\u003Ct (270 more) ...","Name":"DID-14702","CreatedById":"005a00000092BimAAE","OwnerId":"005a00000092BimAAE","Description__c":"ghdgfh","RecordTypeId":"012a0000001FtdmAAC","Days_Open__c":25.13,"Include_In_Help_Libr (6 more) ...":false,"Method__c":"Senior Lead","SaaS_Program_Portal_ (2 more) ...":false,"IsDeleted":false,"Name__c":"new draft","PFs_p__c":"_IM1_/servlet/servle (48 more) ...","CurrencyIsoCode":"USD","SystemModstamp":"2017-06-19T18:01:32.000Z","Line_Order__c":3.50,"Expected_Results__c":"\u003Cbr\u003E","CreatedDate":"2017-05-25T14:56:57.000Z","Id":"a5Hn00000003fsqEAA","Status__c":"Draft","LastModifiedById":"005a000000AhPNuAAN","Parent_Express_Test_ (2 more) ...":"a5Hn00000003facEAA"}|0x3d6e5850
14:01:32.0 (212190162)|STATEMENT_EXECUTE|[29]
14:01:32.0 (212278555)|STATEMENT_EXECUTE|[30]
14:01:32.0 (212298660)|HEAP_ALLOCATE|[41]|Bytes:16
14:01:32.0 (212357994)|HEAP_ALLOCATE|[41]|Bytes:16
14:01:32.0 (212380446)|STATEMENT_EXECUTE|[41]
14:01:32.0 (212429601)|STATEMENT_EXECUTE|[46]
14:01:32.0 (212431503)|STATEMENT_EXECUTE|[47]
14:01:32.0 (212501920)|HEAP_ALLOCATE|[EXTERNAL]|Bytes:4
14:01:32.0 (212517912)|HEAP_ALLOCATE|[29]|Bytes:5
14:01:32.0 (212530334)|VARIABLE_ASSIGNMENT|[29]|d|null|
14:01:32.0 (212554394)|STATEMENT_EXECUTE|[50]
14:01:32.0 (212559841)|STATEMENT_EXECUTE|[53]
14:01:32.0 (212595555)|HEAP_ALLOCATE|[53]|Bytes:2
14:01:32.0 (212617982)|HEAP_ALLOCATE|[53]|Bytes:2
14:01:32.0 (212628430)|HEAP_ALLOCATE|[53]|Bytes:31
14:01:32.0 (212639918)|USER_DEBUG|[53]|DEBUG|*** CRStatusMap{}    ***     {}
14:01:32.0 (212664177)|STATEMENT_EXECUTE|[54]
14:01:32.0 (212687368)|STATEMENT_EXECUTE|[72]
14:01:32.0 (212706557)|STATEMENT_EXECUTE|[80]
14:01:32.0 (212709624)|STATEMENT_EXECUTE|[105]
14:01:32.0 (212717597)|HEAP_ALLOCATE|[105]|Bytes:4
14:01:32.0 (212745583)|HEAP_ALLOCATE|[EXTERNAL]|Bytes:4
14:01:32.0 (212754033)|VARIABLE_ASSIGNMENT|[105]|this.updateLineOrder|[]|0xb55d2e8
14:01:32.0 (212771301)|STATEMENT_EXECUTE|[106]
14:01:32.0 (212776762)|HEAP_ALLOCATE|[107]|Bytes:138
14:01:32.0 (212785795)|HEAP_ALLOCATE|[107]|Bytes:4
14:01:32.0 (213178736)|SOQL_EXECUTE_BEGIN|[107]|Aggregations:1|SELECT id, (SELECT id, Line_Order__c FROM Test_User_or_UAT__r ORDER BY Line_Order__c ASC NULLS FIRST) FROM Doc_Line__c 
14:01:32.0 (217408382)|SOQL_EXECUTE_END|[107]|Rows:1
14:01:32.0 (217423696)|HEAP_ALLOCATE|[EXTERNAL]|Bytes:8
14:01:32.0 (217564068)|HEAP_ALLOCATE|[107]|Bytes:28
14:01:32.0 (217588018)|HEAP_ALLOCATE|[107]|Bytes:8
14:01:32.0 (217600157)|HEAP_ALLOCATE|[107]|Bytes:8
14:01:32.0 (217601926)|HEAP_ALLOCATE|[107]|Bytes:8
14:01:32.0 (217608953)|VARIABLE_SCOPE_BEGIN|[15]|this|Database.QueryLocatorIterator|true|false
14:01:32.0 (217640021)|VARIABLE_ASSIGNMENT|[15]|this|{}|0x23b06542
14:01:32.0 (217642943)|VARIABLE_SCOPE_BEGIN|[15]|values|List<SObject>|true|false
14:01:32.0 (217700652)|VARIABLE_ASSIGNMENT|[15]|values|[{"Id":"a5Hn00000003facEAA","Test_User_or_UAT__r":[{"Parent_Express_Test_ (2 more) ...":"a5Hn00000003facEAA","Id":"a5Hn00000003fsgEAA","Line_Order__c":1.00},{"Parent_Express_Test_ (2 more) ...":"a5Hn00000003facEAA","Id":"a5Hn00000003fshEAA","Line_Order__c":2.00},{"Parent_Express_Test_ (2 more) ...":"a5Hn00000003facEAA","Id":"a5Hn00000003fsiEAA","Line_Order__c":3.00},{"Parent_Express_Test_ (2 more) ...":"a5Hn00000003facEAA","Id":"a5Hn00000003fsqEAA","Line_Order__c":3.50},{"Parent_Express_Test_ (2 more) ...":"a5Hn00000003facEAA","Id":"a5Hn00000003fuDEAQ","Line_Order__c":4.00}]}]|0x7533ae6b
14:01:32.0 (217707080)|VARIABLE_SCOPE_BEGIN|[15]|ql|Database.QueryLocator|true|false
14:01:32.0 (217717176)|VARIABLE_ASSIGNMENT|[15]|ql|{"query":"SELECT id, (SELECT i (118 more) ..."}|0x40a54dac
14:01:32.0 (217719933)|VARIABLE_SCOPE_BEGIN|[15]|totalNumRecords|Integer|false|false
14:01:32.0 (217723680)|VARIABLE_ASSIGNMENT|[15]|totalNumRecords|1
14:01:32.0 (217725870)|VARIABLE_SCOPE_BEGIN|[15]|queryMoreSize|Integer|false|false
14:01:32.0 (217728081)|VARIABLE_ASSIGNMENT|[15]|queryMoreSize|49941
14:01:32.0 (217783707)|HEAP_ALLOCATE|[107]|Bytes:28
14:01:32.0 (217802319)|METHOD_ENTRY|[107]||Database.QueryLocatorIterator.hasNext()
14:01:32.0 (217850383)|METHOD_EXIT|[107]||Database.QueryLocatorIterator.hasNext()
14:01:32.0 (217857021)|METHOD_ENTRY|[107]||Database.QueryLocatorIterator.next()
14:01:32.0 (217961507)|METHOD_EXIT|[107]||Database.QueryLocatorIterator.next()
14:01:32.0 (217972744)|VARIABLE_SCOPE_BEGIN|[107]|parentRec|Doc_Line__c|true|false
14:01:32.0 (217997601)|VARIABLE_ASSIGNMENT|[107]|parentRec|{"Id":"a5Hn00000003facEAA","Test_User_or_UAT__r":[{"Parent_Express_Test_ (2 more) ...":"a5Hn00000003facEAA","Id":"a5Hn00000003fsgEAA","Line_Order__c":1.00},{"Parent_Express_Test_ (2 more) ...":"a5Hn00000003facEAA","Id":"a5Hn00000003fshEAA","Line_Order__c":2.00},{"Parent_Express_Test_ (2 more) ...":"a5Hn00000003facEAA","Id":"a5Hn00000003fsiEAA","Line_Order__c":3.00},{"Parent_Express_Test_ (2 more) ...":"a5Hn00000003facEAA","Id":"a5Hn00000003fsqEAA","Line_Order__c":3.50},{"Parent_Express_Test_ (2 more) ...":"a5Hn00000003facEAA","Id":"a5Hn00000003fuDEAQ","Line_Order__c":4.00}]}|0x6d0f71b7
14:01:32.0 (218003536)|STATEMENT_EXECUTE|[107]
14:01:32.0 (218009392)|HEAP_ALLOCATE|[108]|Bytes:19
14:01:32.0 (218013163)|HEAP_ALLOCATE|[108]|Bytes:11
14:01:32.0 (218052633)|HEAP_ALLOCATE|[EXTERNAL]|Bytes:24
14:01:32.0 (218062390)|HEAP_ALLOCATE|[108]|Bytes:24
14:01:32.0 (218089698)|STATEMENT_EXECUTE|[108]
14:01:32.0 (218091568)|STATEMENT_EXECUTE|[109]
14:01:32.0 (218127368)|HEAP_ALLOCATE|[EXTERNAL]|Bytes:24
14:01:32.0 (218138227)|HEAP_ALLOCATE|[109]|Bytes:24
14:01:32.0 (218146174)|VARIABLE_SCOPE_BEGIN|[109]|tcList|List<Doc_Line__c>|true|false
14:01:32.0 (218171797)|VARIABLE_ASSIGNMENT|[109]|tcList|[{"Parent_Express_Test_ (2 more) ...":"a5Hn00000003facEAA","Id":"a5Hn00000003fsgEAA","Line_Order__c":1.00},{"Parent_Express_Test_ (2 more) ...":"a5Hn00000003facEAA","Id":"a5Hn00000003fshEAA","Line_Order__c":2.00},{"Parent_Express_Test_ (2 more) ...":"a5Hn00000003facEAA","Id":"a5Hn00000003fsiEAA","Line_Order__c":3.00},{"Parent_Express_Test_ (2 more) ...":"a5Hn00000003facEAA","Id":"a5Hn00000003fsqEAA","Line_Order__c":3.50},{"Parent_Express_Test_ (2 more) ...":"a5Hn00000003facEAA","Id":"a5Hn00000003fuDEAQ","Line_Order__c":4.00}]|0x4fbfdd38
14:01:32.0 (218176972)|STATEMENT_EXECUTE|[110]
14:01:32.0 (218227335)|HEAP_ALLOCATE|[110]|Bytes:28
14:01:32.0 (218230821)|HEAP_ALLOCATE|[110]|Bytes:28
14:01:32.0 (218234830)|VARIABLE_SCOPE_BEGIN|[110]|temp|Decimal|false|false
14:01:32.0 (218242124)|VARIABLE_ASSIGNMENT|[110]|temp|0
14:01:32.0 (218280644)|HEAP_ALLOCATE|[111]|Bytes:5
14:01:32.0 (218291274)|HEAP_ALLOCATE|[111]|Bytes:16
14:01:32.0 (218296479)|VARIABLE_SCOPE_BEGIN|[111]|dl|Doc_Line__c|true|false
14:01:32.0 (218306037)|VARIABLE_ASSIGNMENT|[111]|dl|{"Parent_Express_Test_ (2 more) ...":"a5Hn00000003facEAA","Id":"a5Hn00000003fsgEAA","Line_Order__c":1.00}|0x59ab9fb1
14:01:32.0 (218309383)|STATEMENT_EXECUTE|[111]
14:01:32.0 (218310635)|STATEMENT_EXECUTE|[112]
14:01:32.0 (218316727)|HEAP_ALLOCATE|[112]|Bytes:8
14:01:32.0 (218379493)|HEAP_ALLOCATE|[112]|Bytes:4
14:01:32.0 (218396003)|HEAP_ALLOCATE|[112]|Bytes:12
14:01:32.0 (218411094)|USER_DEBUG|[112]|DEBUG|**##**  1.00
14:01:32.0 (218465179)|HEAP_ALLOCATE|[113]|Bytes:28
14:01:32.0 (218468033)|HEAP_ALLOCATE|[113]|Bytes:28
14:01:32.0 (218492074)|HEAP_ALLOCATE|[113]|Bytes:28
14:01:32.0 (218494136)|HEAP_ALLOCATE|[113]|Bytes:28
14:01:32.0 (218514521)|STATEMENT_EXECUTE|[113]
14:01:32.0 (218516193)|STATEMENT_EXECUTE|[114]
14:01:32.0 (218551355)|HEAP_ALLOCATE|[114]|Bytes:28
14:01:32.0 (218554084)|HEAP_ALLOCATE|[114]|Bytes:28
14:01:32.0 (218560111)|VARIABLE_ASSIGNMENT|[114]|temp|1
14:01:32.0 (218569552)|HEAP_ALLOCATE|[111]|Bytes:5
14:01:32.0 (218588713)|HEAP_ALLOCATE|[111]|Bytes:16
14:01:32.0 (218594328)|VARIABLE_SCOPE_BEGIN|[111]|dl|Doc_Line__c|true|false
14:01:32.0 (218604671)|VARIABLE_ASSIGNMENT|[111]|dl|{"Parent_Express_Test_ (2 more) ...":"a5Hn00000003facEAA","Id":"a5Hn00000003fshEAA","Line_Order__c":2.00}|0x453060eb
14:01:32.0 (218607358)|STATEMENT_EXECUTE|[111]
14:01:32.0 (218608557)|STATEMENT_EXECUTE|[112]
14:01:32.0 (218628473)|HEAP_ALLOCATE|[112]|Bytes:4
14:01:32.0 (218636988)|HEAP_ALLOCATE|[112]|Bytes:12
14:01:32.0 (218642780)|USER_DEBUG|[112]|DEBUG|**##**  2.00
14:01:32.0 (218667771)|HEAP_ALLOCATE|[113]|Bytes:28
14:01:32.0 (218669918)|HEAP_ALLOCATE|[113]|Bytes:28
14:01:32.0 (218680779)|HEAP_ALLOCATE|[113]|Bytes:28
14:01:32.0 (218682508)|HEAP_ALLOCATE|[113]|Bytes:28
14:01:32.0 (218697302)|STATEMENT_EXECUTE|[113]
14:01:32.0 (218698843)|STATEMENT_EXECUTE|[114]
14:01:32.0 (218716945)|HEAP_ALLOCATE|[114]|Bytes:28
14:01:32.0 (218718908)|HEAP_ALLOCATE|[114]|Bytes:28
14:01:32.0 (218723877)|VARIABLE_ASSIGNMENT|[114]|temp|2
14:01:32.0 (218747989)|HEAP_ALLOCATE|[111]|Bytes:5
14:01:32.0 (218764919)|HEAP_ALLOCATE|[111]|Bytes:16
14:01:32.0 (218769903)|VARIABLE_SCOPE_BEGIN|[111]|dl|Doc_Line__c|true|false
14:01:32.0 (218779344)|VARIABLE_ASSIGNMENT|[111]|dl|{"Parent_Express_Test_ (2 more) ...":"a5Hn00000003facEAA","Id":"a5Hn00000003fsiEAA","Line_Order__c":3.00}|0x40e329eb
14:01:32.0 (218782306)|STATEMENT_EXECUTE|[111]
14:01:32.0 (218783780)|STATEMENT_EXECUTE|[112]
14:01:32.0 (218802293)|HEAP_ALLOCATE|[112]|Bytes:4
14:01:32.0 (218810074)|HEAP_ALLOCATE|[112]|Bytes:12
14:01:32.0 (218815197)|USER_DEBUG|[112]|DEBUG|**##**  3.00
14:01:32.0 (218838465)|HEAP_ALLOCATE|[113]|Bytes:28
14:01:32.0 (218840953)|HEAP_ALLOCATE|[113]|Bytes:28
14:01:32.0 (218850667)|HEAP_ALLOCATE|[113]|Bytes:28
14:01:32.0 (218852328)|HEAP_ALLOCATE|[113]|Bytes:28
14:01:32.0 (218867109)|STATEMENT_EXECUTE|[113]
14:01:32.0 (218868520)|STATEMENT_EXECUTE|[114]
14:01:32.0 (218886813)|HEAP_ALLOCATE|[114]|Bytes:28
14:01:32.0 (218888908)|HEAP_ALLOCATE|[114]|Bytes:28
14:01:32.0 (218893701)|VARIABLE_ASSIGNMENT|[114]|temp|3
14:01:32.0 (218900588)|HEAP_ALLOCATE|[111]|Bytes:5
14:01:32.0 (218914694)|HEAP_ALLOCATE|[111]|Bytes:16
14:01:32.0 (218919382)|VARIABLE_SCOPE_BEGIN|[111]|dl|Doc_Line__c|true|false
14:01:32.0 (218927837)|VARIABLE_ASSIGNMENT|[111]|dl|{"Parent_Express_Test_ (2 more) ...":"a5Hn00000003facEAA","Id":"a5Hn00000003fsqEAA","Line_Order__c":3.50}|0x4d119d0a
14:01:32.0 (218930512)|STATEMENT_EXECUTE|[111]
14:01:32.0 (218931955)|STATEMENT_EXECUTE|[112]
14:01:32.0 (218948499)|HEAP_ALLOCATE|[112]|Bytes:4
14:01:32.0 (218955785)|HEAP_ALLOCATE|[112]|Bytes:12
14:01:32.0 (218960574)|USER_DEBUG|[112]|DEBUG|**##**  3.50
14:01:32.0 (218982958)|HEAP_ALLOCATE|[113]|Bytes:28
14:01:32.0 (218985175)|HEAP_ALLOCATE|[113]|Bytes:28
14:01:32.0 (218994964)|HEAP_ALLOCATE|[113]|Bytes:28
14:01:32.0 (218996600)|HEAP_ALLOCATE|[113]|Bytes:28
14:01:32.0 (219011105)|STATEMENT_EXECUTE|[113]
14:01:32.0 (219013195)|STATEMENT_EXECUTE|[114]
14:01:32.0 (219030776)|HEAP_ALLOCATE|[114]|Bytes:28
14:01:32.0 (219032575)|HEAP_ALLOCATE|[114]|Bytes:28
14:01:32.0 (219037177)|VARIABLE_ASSIGNMENT|[114]|temp|3
14:01:32.0 (219043580)|HEAP_ALLOCATE|[111]|Bytes:5
14:01:32.0 (219057158)|HEAP_ALLOCATE|[111]|Bytes:16
14:01:32.0 (219061613)|VARIABLE_SCOPE_BEGIN|[111]|dl|Doc_Line__c|true|false
14:01:32.0 (219069316)|VARIABLE_ASSIGNMENT|[111]|dl|{"Parent_Express_Test_ (2 more) ...":"a5Hn00000003facEAA","Id":"a5Hn00000003fuDEAQ","Line_Order__c":4.00}|0x217c69
14:01:32.0 (219072406)|STATEMENT_EXECUTE|[111]
14:01:32.0 (219073509)|STATEMENT_EXECUTE|[112]
14:01:32.0 (219089739)|HEAP_ALLOCATE|[112]|Bytes:4
14:01:32.0 (219096765)|HEAP_ALLOCATE|[112]|Bytes:12
14:01:32.0 (219101400)|USER_DEBUG|[112]|DEBUG|**##**  4.00
14:01:32.0 (219123924)|HEAP_ALLOCATE|[113]|Bytes:28
14:01:32.0 (219125889)|HEAP_ALLOCATE|[113]|Bytes:28
14:01:32.0 (219135255)|HEAP_ALLOCATE|[113]|Bytes:28
14:01:32.0 (219136862)|HEAP_ALLOCATE|[113]|Bytes:28
14:01:32.0 (219151336)|STATEMENT_EXECUTE|[113]
14:01:32.0 (219152730)|STATEMENT_EXECUTE|[114]
14:01:32.0 (219170071)|HEAP_ALLOCATE|[114]|Bytes:28
14:01:32.0 (219171952)|HEAP_ALLOCATE|[114]|Bytes:28
14:01:32.0 (219176283)|VARIABLE_ASSIGNMENT|[114]|temp|4
14:01:32.0 (219187372)|HEAP_ALLOCATE|[111]|Bytes:5
14:01:32.0 (219194625)|VARIABLE_ASSIGNMENT|[111]|dl|null|
14:01:32.0 (219201838)|METHOD_ENTRY|[107]||Database.QueryLocatorIterator.hasNext()
14:01:32.0 (219214664)|METHOD_EXIT|[107]||Database.QueryLocatorIterator.hasNext()
14:01:32.0 (219219676)|VARIABLE_ASSIGNMENT|[107]|parentRec|null|
14:01:32.0 (219256821)|STATEMENT_EXECUTE|[126]
14:01:32.219 (219267605)|CUMULATIVE_LIMIT_USAGE
14:01:32.219 (219267605)|LIMIT_USAGE_FOR_NS|(default)|
  Number of SOQL queries: 7 out of 100
  Number of query rows: 59 out of 50000
  Number of SOSL queries: 0 out of 20
  Number of DML statements: 0 out of 150
  Number of DML rows: 0 out of 10000
  Maximum CPU time: 0 out of 10000
  Maximum heap size: 0 out of 6000000
  Number of callouts: 0 out of 100
  Number of Email Invocations: 0 out of 10
  Number of future calls: 0 out of 50
  Number of queueable jobs added to the queue: 0 out of 50
  Number of Mobile Apex push calls: 0 out of 10

14:01:32.219 (219267605)|CUMULATIVE_LIMIT_USAGE_END

14:01:32.0 (234604272)|CODE_UNIT_FINISHED|createVelocityDocLine on Doc_Line trigger event AfterUpdate for [a5Hn00000003fsq]
14:01:32.0 (235857540)|CODE_UNIT_STARTED|[EXTERNAL]|Workflow:01Ia0000002HqK1
14:01:32.0 (236500953)|CODE_UNIT_FINISHED|Workflow:01Ia0000002HqK1
14:01:32.0 (260454041)|CODE_UNIT_FINISHED|TRIGGERS
14:01:32.0 (260465439)|EXECUTION_FINISHED
