40.0 APEX_CODE,FINEST;APEX_PROFILING,INFO;CALLOUT,INFO;DB,INFO;SYSTEM,DEBUG;VALIDATION,INFO;VISUALFORCE,INFO;WAVE,INFO;WORKFLOW,INFO
13:48:38.0 (296179)|EXECUTION_STARTED
13:48:38.0 (318590)|CODE_UNIT_STARTED|[EXTERNAL]|VisualForce View State
13:48:38.0 (11041428)|CODE_UNIT_FINISHED|VisualForce View State
13:48:38.0 (12694630)|EXECUTION_FINISHED
13:48:38.363 (363233587)|VF_PAGE_MESSAGE|Compile Error: unexpected token: Selct at line 107 column 49
13:48:38.363 (527624799)|VF_SERIALIZE_VIEWSTATE_BEGIN|
13:48:38.363 (535159056)|VF_SERIALIZE_VIEWSTATE_END
13:48:38.552 (552454496)|CUMULATIVE_LIMIT_USAGE
13:48:38.552 (552454496)|LIMIT_USAGE_FOR_NS|(default)|
  Number of SOQL queries: 0 out of 100
  Number of query rows: 0 out of 50000
  Number of SOSL queries: 0 out of 20
  Number of DML statements: 0 out of 150
  Number of DML rows: 0 out of 10000
  Maximum CPU time: 0 out of 10000
  Maximum heap size: 0 out of 6000000
  Number of callouts: 0 out of 100
  Number of Email Invocations: 0 out of 10
  Number of future calls: 0 out of 50
  Number of queueable jobs added to the queue: 0 out of 50
  Number of Mobile Apex push calls: 0 out of 10

13:48:38.552 (552454496)|CUMULATIVE_LIMIT_USAGE_END

